{"/home/travis/build/npmtest/node-npmtest-express-graphql/test.js":{"path":"/home/travis/build/npmtest/node-npmtest-express-graphql/test.js","s":{"1":2,"2":2,"3":2,"4":2,"5":2,"6":2,"7":2,"8":1,"9":2,"10":2,"11":1,"12":1,"13":1,"14":1,"15":2,"16":2,"17":2,"18":2,"19":1,"20":1,"21":2,"22":2,"23":2,"24":1,"25":1,"26":1,"27":1,"28":1,"29":1,"30":1,"31":1,"32":1,"33":1,"34":1,"35":1,"36":1,"37":1,"38":1,"39":2,"40":2,"41":1,"42":2,"43":2,"44":1,"45":2,"46":2,"47":1,"48":2,"49":2,"50":1,"51":1,"52":1,"53":1,"54":1},"b":{"1":[2,1,1,1],"2":[1,1,1,1],"3":[1,1],"4":[1,1],"5":[1,1],"6":[1,1],"7":[1,1],"8":[1,1],"9":[1,1],"10":[1,1,1],"11":[1,1],"12":[1,1],"13":[1,1],"14":[1,1],"15":[1,1],"16":[1,1],"17":[1,1]},"f":{"1":2,"2":2,"3":2,"4":2,"5":2,"6":1,"7":1,"8":1,"9":2,"10":2,"11":2,"12":2,"13":1},"fnMap":{"1":{"name":"(anonymous_1)","line":12,"loc":{"start":{"line":12,"column":1},"end":{"line":12,"column":13}}},"2":{"name":"(anonymous_2)","line":19,"loc":{"start":{"line":19,"column":5},"end":{"line":19,"column":17}}},"3":{"name":"(anonymous_3)","line":23,"loc":{"start":{"line":23,"column":24},"end":{"line":23,"column":36}}},"4":{"name":"(anonymous_4)","line":61,"loc":{"start":{"line":61,"column":5},"end":{"line":61,"column":17}}},"5":{"name":"(anonymous_5)","line":82,"loc":{"start":{"line":82,"column":5},"end":{"line":82,"column":17}}},"6":{"name":"(anonymous_6)","line":91,"loc":{"start":{"line":91,"column":77},"end":{"line":94,"column":10}}},"7":{"name":"(anonymous_7)","line":112,"loc":{"start":{"line":112,"column":83},"end":{"line":115,"column":10}},"skip":true},"8":{"name":"(anonymous_8)","line":123,"loc":{"start":{"line":123,"column":77},"end":{"line":126,"column":10}},"skip":true},"9":{"name":"(anonymous_9)","line":139,"loc":{"start":{"line":139,"column":12},"end":{"line":139,"column":40}},"skip":true},"10":{"name":"(anonymous_10)","line":147,"loc":{"start":{"line":147,"column":77},"end":{"line":150,"column":10}},"skip":true},"11":{"name":"(anonymous_11)","line":158,"loc":{"start":{"line":158,"column":83},"end":{"line":161,"column":10}},"skip":true},"12":{"name":"(anonymous_12)","line":169,"loc":{"start":{"line":169,"column":79},"end":{"line":172,"column":10}},"skip":true},"13":{"name":"(anonymous_13)","line":180,"loc":{"start":{"line":180,"column":75},"end":{"line":183,"column":10}},"skip":true}},"statementMap":{"1":{"start":{"line":12,"column":0},"end":{"line":195,"column":5}},"2":{"start":{"line":14,"column":4},"end":{"line":14,"column":14}},"3":{"start":{"line":19,"column":4},"end":{"line":56,"column":9}},"4":{"start":{"line":21,"column":8},"end":{"line":21,"column":19}},"5":{"start":{"line":23,"column":8},"end":{"line":35,"column":13}},"6":{"start":{"line":24,"column":12},"end":{"line":34,"column":13}},"7":{"start":{"line":25,"column":16},"end":{"line":28,"column":30}},"8":{"start":{"line":30,"column":16},"end":{"line":33,"column":27}},"9":{"start":{"line":37,"column":8},"end":{"line":39,"column":21}},"10":{"start":{"line":40,"column":8},"end":{"line":53,"column":9}},"11":{"start":{"line":43,"column":12},"end":{"line":46,"column":14}},"12":{"start":{"line":47,"column":12},"end":{"line":47,"column":18}},"13":{"start":{"line":50,"column":12},"end":{"line":51,"column":33}},"14":{"start":{"line":52,"column":12},"end":{"line":52,"column":18}},"15":{"start":{"line":55,"column":8},"end":{"line":55,"column":35}},"16":{"start":{"line":61,"column":4},"end":{"line":63,"column":9}},"17":{"start":{"line":62,"column":8},"end":{"line":62,"column":15}},"18":{"start":{"line":64,"column":4},"end":{"line":77,"column":5}},"19":{"start":{"line":70,"column":8},"end":{"line":70,"column":14}},"20":{"start":{"line":76,"column":8},"end":{"line":76,"column":14}},"21":{"start":{"line":82,"column":4},"end":{"line":84,"column":9}},"22":{"start":{"line":83,"column":8},"end":{"line":83,"column":15}},"23":{"start":{"line":85,"column":4},"end":{"line":194,"column":5}},"24":{"start":{"line":91,"column":8},"end":{"line":99,"column":10}},"25":{"start":{"line":98,"column":12},"end":{"line":98,"column":35}},"26":{"start":{"line":102,"column":8},"end":{"line":104,"column":63}},"27":{"start":{"line":105,"column":8},"end":{"line":105,"column":14}},"28":{"start":{"line":112,"column":8},"end":{"line":121,"column":10},"skip":true},"29":{"start":{"line":119,"column":12},"end":{"line":119,"column":55},"skip":true},"30":{"start":{"line":120,"column":12},"end":{"line":120,"column":48},"skip":true},"31":{"start":{"line":123,"column":8},"end":{"line":136,"column":10},"skip":true},"32":{"start":{"line":130,"column":12},"end":{"line":130,"column":76},"skip":true},"33":{"start":{"line":131,"column":12},"end":{"line":131,"column":73},"skip":true},"34":{"start":{"line":132,"column":12},"end":{"line":132,"column":74},"skip":true},"35":{"start":{"line":133,"column":12},"end":{"line":133,"column":79},"skip":true},"36":{"start":{"line":134,"column":12},"end":{"line":134,"column":25},"skip":true},"37":{"start":{"line":135,"column":12},"end":{"line":135,"column":45},"skip":true},"38":{"start":{"line":138,"column":8},"end":{"line":145,"column":14},"skip":true},"39":{"start":{"line":143,"column":16},"end":{"line":143,"column":29},"skip":true},"40":{"start":{"line":144,"column":16},"end":{"line":144,"column":55},"skip":true},"41":{"start":{"line":147,"column":8},"end":{"line":156,"column":10},"skip":true},"42":{"start":{"line":154,"column":12},"end":{"line":154,"column":25},"skip":true},"43":{"start":{"line":155,"column":12},"end":{"line":155,"column":45},"skip":true},"44":{"start":{"line":158,"column":8},"end":{"line":167,"column":10},"skip":true},"45":{"start":{"line":165,"column":12},"end":{"line":165,"column":25},"skip":true},"46":{"start":{"line":166,"column":12},"end":{"line":166,"column":48},"skip":true},"47":{"start":{"line":169,"column":8},"end":{"line":178,"column":10},"skip":true},"48":{"start":{"line":176,"column":12},"end":{"line":176,"column":25},"skip":true},"49":{"start":{"line":177,"column":12},"end":{"line":177,"column":46},"skip":true},"50":{"start":{"line":180,"column":8},"end":{"line":189,"column":10},"skip":true},"51":{"start":{"line":187,"column":12},"end":{"line":187,"column":94},"skip":true},"52":{"start":{"line":188,"column":12},"end":{"line":188,"column":48},"skip":true},"53":{"start":{"line":192,"column":8},"end":{"line":192,"column":35},"skip":true},"54":{"start":{"line":193,"column":8},"end":{"line":193,"column":14},"skip":true}},"branchMap":{"1":{"line":25,"type":"binary-expr","locations":[{"start":{"line":25,"column":23},"end":{"line":25,"column":62}},{"start":{"line":26,"column":20},"end":{"line":26,"column":70}},{"start":{"line":27,"column":20},"end":{"line":27,"column":71}},{"start":{"line":28,"column":20},"end":{"line":28,"column":29}}]},"2":{"line":30,"type":"binary-expr","locations":[{"start":{"line":30,"column":23},"end":{"line":30,"column":37}},{"start":{"line":31,"column":20},"end":{"line":31,"column":61}},{"start":{"line":32,"column":20},"end":{"line":32,"column":70}},{"start":{"line":33,"column":20},"end":{"line":33,"column":26}}]},"3":{"line":37,"type":"cond-expr","locations":[{"start":{"line":38,"column":14},"end":{"line":38,"column":20}},{"start":{"line":39,"column":14},"end":{"line":39,"column":20}}]},"4":{"line":40,"type":"switch","locations":[{"start":{"line":42,"column":8},"end":{"line":47,"column":18}},{"start":{"line":49,"column":8},"end":{"line":52,"column":18}}]},"5":{"line":44,"type":"binary-expr","locations":[{"start":{"line":44,"column":16},"end":{"line":44,"column":44}},{"start":{"line":44,"column":48},"end":{"line":44,"column":66}}]},"6":{"line":50,"type":"binary-expr","locations":[{"start":{"line":50,"column":21},"end":{"line":50,"column":49}},{"start":{"line":50,"column":53},"end":{"line":50,"column":72}}]},"7":{"line":64,"type":"switch","locations":[{"start":{"line":69,"column":4},"end":{"line":70,"column":14}},{"start":{"line":75,"column":4},"end":{"line":76,"column":14}}]},"8":{"line":85,"type":"switch","locations":[{"start":{"line":90,"column":4},"end":{"line":105,"column":14}},{"start":{"line":111,"column":4},"end":{"line":193,"column":14},"skip":true}]},"9":{"line":91,"type":"binary-expr","locations":[{"start":{"line":91,"column":42},"end":{"line":91,"column":73}},{"start":{"line":91,"column":77},"end":{"line":99,"column":9}}]},"10":{"line":102,"type":"binary-expr","locations":[{"start":{"line":102,"column":18},"end":{"line":102,"column":32}},{"start":{"line":103,"column":12},"end":{"line":103,"column":53}},{"start":{"line":104,"column":12},"end":{"line":104,"column":61}}]},"11":{"line":112,"type":"binary-expr","locations":[{"start":{"line":112,"column":45},"end":{"line":112,"column":79},"skip":true},{"start":{"line":112,"column":83},"end":{"line":121,"column":9},"skip":true}]},"12":{"line":123,"type":"binary-expr","locations":[{"start":{"line":123,"column":42},"end":{"line":123,"column":73},"skip":true},{"start":{"line":123,"column":77},"end":{"line":136,"column":9},"skip":true}]},"13":{"line":138,"type":"binary-expr","locations":[{"start":{"line":138,"column":48},"end":{"line":138,"column":85},"skip":true},{"start":{"line":139,"column":12},"end":{"line":145,"column":13},"skip":true}]},"14":{"line":147,"type":"binary-expr","locations":[{"start":{"line":147,"column":42},"end":{"line":147,"column":73},"skip":true},{"start":{"line":147,"column":77},"end":{"line":156,"column":9},"skip":true}]},"15":{"line":158,"type":"binary-expr","locations":[{"start":{"line":158,"column":45},"end":{"line":158,"column":79},"skip":true},{"start":{"line":158,"column":83},"end":{"line":167,"column":9},"skip":true}]},"16":{"line":169,"type":"binary-expr","locations":[{"start":{"line":169,"column":43},"end":{"line":169,"column":75},"skip":true},{"start":{"line":169,"column":79},"end":{"line":178,"column":9},"skip":true}]},"17":{"line":180,"type":"binary-expr","locations":[{"start":{"line":180,"column":41},"end":{"line":180,"column":71},"skip":true},{"start":{"line":180,"column":75},"end":{"line":189,"column":9},"skip":true}]}},"code":["/* istanbul instrument in package npmtest_express_graphql */","/*jslint","    bitwise: true,","    browser: true,","    maxerr: 8,","    maxlen: 96,","    node: true,","    nomen: true,","    regexp: true,","    stupid: true","*/","(function () {","    'use strict';","    var local;","","","","    // run shared js-env code - init-before","    (function () {","        // init local","        local = {};","        // init modeJs","        local.modeJs = (function () {","            try {","                return typeof navigator.userAgent === 'string' &&","                    typeof document.querySelector('body') === 'object' &&","                    typeof XMLHttpRequest.prototype.open === 'function' &&","                    'browser';","            } catch (errorCaughtBrowser) {","                return module.exports &&","                    typeof process.versions.node === 'string' &&","                    typeof require('http').createServer === 'function' &&","                    'node';","            }","        }());","        // init global","        local.global = local.modeJs === 'browser'","            ? window","            : global;","        switch (local.modeJs) {","        // re-init local from window.local","        case 'browser':","            local = local.global.utility2.objectSetDefault(","                local.global.utility2_rollup || local.global.local,","                local.global.utility2","            );","            break;","        // re-init local from example.js","        case 'node':","            local = (local.global.utility2_rollup || require('utility2'))","                .requireReadme();","            break;","        }","        // export local","        local.global.local = local;","    }());","","","","    // run shared js-env code - function","    (function () {","        return;","    }());","    switch (local.modeJs) {","","","","    // run browser js-env code - function","    case 'browser':","        break;","","","","    // run node js-env code - function","    case 'node':","        break;","    }","","","","    // run shared js-env code - init-after","    (function () {","        return;","    }());","    switch (local.modeJs) {","","","","    // run browser js-env code - init-after","    case 'browser':","        local.testCase_browser_nullCase = local.testCase_browser_nullCase || function (","            options,","            onError","        ) {","        /*","         * this function will test browsers's null-case handling-behavior-behavior","         */","            onError(null, options);","        };","","        // run tests","        local.nop(local.modeTest &&","            document.querySelector('#testRunButton1') &&","            document.querySelector('#testRunButton1').click());","        break;","","","","    // run node js-env code - init-after","    /* istanbul ignore next */","    case 'node':","        local.testCase_buildApidoc_default = local.testCase_buildApidoc_default || function (","            options,","            onError","        ) {","        /*","         * this function will test buildApidoc's default handling-behavior-behavior","         */","            options = { modulePathList: module.paths };","            local.buildApidoc(options, onError);","        };","","        local.testCase_buildApp_default = local.testCase_buildApp_default || function (","            options,","            onError","        ) {","        /*","         * this function will test buildApp's default handling-behavior-behavior","         */","            local.testCase_buildReadme_default(options, local.onErrorThrow);","            local.testCase_buildLib_default(options, local.onErrorThrow);","            local.testCase_buildTest_default(options, local.onErrorThrow);","            local.testCase_buildCustomOrg_default(options, local.onErrorThrow);","            options = [];","            local.buildApp(options, onError);","        };","","        local.testCase_buildCustomOrg_default = local.testCase_buildCustomOrg_default ||","            function (options, onError) {","            /*","             * this function will test buildCustomOrg's default handling-behavior","             */","                options = {};","                local.buildCustomOrg(options, onError);","            };","","        local.testCase_buildLib_default = local.testCase_buildLib_default || function (","            options,","            onError","        ) {","        /*","         * this function will test buildLib's default handling-behavior","         */","            options = {};","            local.buildLib(options, onError);","        };","","        local.testCase_buildReadme_default = local.testCase_buildReadme_default || function (","            options,","            onError","        ) {","        /*","         * this function will test buildReadme's default handling-behavior-behavior","         */","            options = {};","            local.buildReadme(options, onError);","        };","","        local.testCase_buildTest_default = local.testCase_buildTest_default || function (","            options,","            onError","        ) {","        /*","         * this function will test buildTest's default handling-behavior","         */","            options = {};","            local.buildTest(options, onError);","        };","","        local.testCase_webpage_default = local.testCase_webpage_default || function (","            options,","            onError","        ) {","        /*","         * this function will test webpage's default handling-behavior","         */","            options = { modeCoverageMerge: true, url: local.serverLocalHost + '?modeTest=1' };","            local.browserTest(options, onError);","        };","","        // run test-server","        local.testRunServer(local);","        break;","    }","}());",""],"l":{"12":2,"14":2,"19":2,"21":2,"23":2,"24":2,"25":2,"30":1,"37":2,"40":2,"43":1,"47":1,"50":1,"52":1,"55":2,"61":2,"62":2,"64":2,"70":1,"76":1,"82":2,"83":2,"85":2,"91":1,"98":1,"102":1,"105":1,"112":1,"119":1,"120":1,"123":1,"130":1,"131":1,"132":1,"133":1,"134":1,"135":1,"138":1,"143":2,"144":2,"147":1,"154":2,"155":2,"158":1,"165":2,"166":2,"169":1,"176":2,"177":2,"180":1,"187":1,"188":1,"192":1,"193":1}},"/home/travis/build/npmtest/node-npmtest-express-graphql/lib.npmtest_express_graphql.js":{"path":"/home/travis/build/npmtest/node-npmtest-express-graphql/lib.npmtest_express_graphql.js","s":{"1":2,"2":2,"3":2,"4":2,"5":2,"6":2,"7":2,"8":1,"9":2,"10":2,"11":2,"12":2,"13":1,"14":1,"15":1,"16":1},"b":{"1":[2,1,1,1],"2":[1,1,1,1],"3":[1,1],"4":[2,2],"5":[1,1]},"f":{"1":2,"2":2,"3":2},"fnMap":{"1":{"name":"(anonymous_1)","line":12,"loc":{"start":{"line":12,"column":1},"end":{"line":12,"column":13}}},"2":{"name":"(anonymous_2)","line":19,"loc":{"start":{"line":19,"column":5},"end":{"line":19,"column":17}}},"3":{"name":"(anonymous_3)","line":23,"loc":{"start":{"line":23,"column":24},"end":{"line":23,"column":36}}}},"statementMap":{"1":{"start":{"line":12,"column":0},"end":{"line":53,"column":5}},"2":{"start":{"line":14,"column":4},"end":{"line":14,"column":14}},"3":{"start":{"line":19,"column":4},"end":{"line":52,"column":9}},"4":{"start":{"line":21,"column":8},"end":{"line":21,"column":19}},"5":{"start":{"line":23,"column":8},"end":{"line":35,"column":13}},"6":{"start":{"line":24,"column":12},"end":{"line":34,"column":13}},"7":{"start":{"line":25,"column":16},"end":{"line":28,"column":30}},"8":{"start":{"line":30,"column":16},"end":{"line":33,"column":27}},"9":{"start":{"line":37,"column":8},"end":{"line":39,"column":21}},"10":{"start":{"line":41,"column":8},"end":{"line":41,"column":54}},"11":{"start":{"line":43,"column":8},"end":{"line":43,"column":60}},"12":{"start":{"line":45,"column":8},"end":{"line":51,"column":9}},"13":{"start":{"line":46,"column":12},"end":{"line":46,"column":66}},"14":{"start":{"line":48,"column":12},"end":{"line":48,"column":35}},"15":{"start":{"line":49,"column":12},"end":{"line":49,"column":49}},"16":{"start":{"line":50,"column":12},"end":{"line":50,"column":43}}},"branchMap":{"1":{"line":25,"type":"binary-expr","locations":[{"start":{"line":25,"column":23},"end":{"line":25,"column":62}},{"start":{"line":26,"column":20},"end":{"line":26,"column":70}},{"start":{"line":27,"column":20},"end":{"line":27,"column":71}},{"start":{"line":28,"column":20},"end":{"line":28,"column":29}}]},"2":{"line":30,"type":"binary-expr","locations":[{"start":{"line":30,"column":23},"end":{"line":30,"column":37}},{"start":{"line":31,"column":20},"end":{"line":31,"column":61}},{"start":{"line":32,"column":20},"end":{"line":32,"column":70}},{"start":{"line":33,"column":20},"end":{"line":33,"column":26}}]},"3":{"line":37,"type":"cond-expr","locations":[{"start":{"line":38,"column":14},"end":{"line":38,"column":20}},{"start":{"line":39,"column":14},"end":{"line":39,"column":20}}]},"4":{"line":41,"type":"binary-expr","locations":[{"start":{"line":41,"column":16},"end":{"line":41,"column":44}},{"start":{"line":41,"column":48},"end":{"line":41,"column":53}}]},"5":{"line":45,"type":"if","locations":[{"start":{"line":45,"column":8},"end":{"line":45,"column":8}},{"start":{"line":45,"column":8},"end":{"line":45,"column":8}}]}},"code":["/* istanbul instrument in package npmtest_express_graphql */","/*jslint","    bitwise: true,","    browser: true,","    maxerr: 8,","    maxlen: 96,","    node: true,","    nomen: true,","    regexp: true,","    stupid: true","*/","(function () {","    'use strict';","    var local;","","","","    // run shared js-env code - init-before","    (function () {","        // init local","        local = {};","        // init modeJs","        local.modeJs = (function () {","            try {","                return typeof navigator.userAgent === 'string' &&","                    typeof document.querySelector('body') === 'object' &&","                    typeof XMLHttpRequest.prototype.open === 'function' &&","                    'browser';","            } catch (errorCaughtBrowser) {","                return module.exports &&","                    typeof process.versions.node === 'string' &&","                    typeof require('http').createServer === 'function' &&","                    'node';","            }","        }());","        // init global","        local.global = local.modeJs === 'browser'","            ? window","            : global;","        // init utility2_rollup","        local = local.global.utility2_rollup || local;","        // init lib","        local.local = local.npmtest_express_graphql = local;","        // init exports","        if (local.modeJs === 'browser') {","            local.global.utility2_npmtest_express_graphql = local;","        } else {","            module.exports = local;","            module.exports.__dirname = __dirname;","            module.exports.module = module;","        }","    }());","}());",""],"l":{"12":2,"14":2,"19":2,"21":2,"23":2,"24":2,"25":2,"30":1,"37":2,"41":2,"43":2,"45":2,"46":1,"48":1,"49":1,"50":1}},"/home/travis/build/npmtest/node-npmtest-express-graphql/example.js":{"path":"/home/travis/build/npmtest/node-npmtest-express-graphql/example.js","s":{"1":2,"2":2,"3":2,"4":2,"5":2,"6":2,"7":2,"8":1,"9":2,"10":2,"11":2,"12":2,"13":1,"14":2,"15":2,"16":2,"17":2,"18":2,"19":0,"20":2,"21":1,"22":1,"23":1,"24":1,"25":1,"26":0,"27":0,"28":1,"29":1,"30":2,"31":0,"32":0,"33":0,"34":1,"35":2,"36":2,"37":3,"38":3,"39":3,"40":3,"41":0,"42":3,"43":3,"44":3,"45":1,"46":3,"47":1,"48":1,"49":1,"50":1,"51":1,"52":1,"53":1,"54":1,"55":1,"56":1,"57":0,"58":1,"59":6,"60":6,"61":1,"62":2,"63":0,"64":2,"65":1,"66":1,"67":0,"68":0,"69":0,"70":0,"71":0,"72":0,"73":0,"74":0,"75":0,"76":0,"77":0,"78":0,"79":0,"80":0,"81":0,"82":0,"83":0},"b":{"1":[2,1,1,1],"2":[1,1,1,1],"3":[1,1],"4":[2,2],"5":[1,1],"6":[1,1],"7":[2,0],"8":[2,1,1,1,1,1],"9":[0,2,0],"10":[1,1],"11":[2,1,1],"12":[1,0],"13":[0,2],"14":[2,0,0,0,0,0,0],"15":[0,3],"16":[3,0],"17":[1,1],"18":[0,1],"19":[1,2,0,2],"20":[1,0],"21":[1,1],"22":[0,0],"23":[0,0],"24":[0,0],"25":[0,0],"26":[0,0],"27":[0,0],"28":[0,0]},"f":{"1":2,"2":2,"3":2,"4":2,"5":2,"6":2,"7":3,"8":3,"9":3,"10":1,"11":6,"12":0},"fnMap":{"1":{"name":"(anonymous_1)","line":26,"loc":{"start":{"line":26,"column":1},"end":{"line":26,"column":13}}},"2":{"name":"(anonymous_2)","line":33,"loc":{"start":{"line":33,"column":5},"end":{"line":33,"column":17}}},"3":{"name":"(anonymous_3)","line":37,"loc":{"start":{"line":37,"column":24},"end":{"line":37,"column":36}}},"4":{"name":"(anonymous_4)","line":69,"loc":{"start":{"line":69,"column":31},"end":{"line":69,"column":48}},"skip":true},"5":{"name":"(anonymous_5)","line":78,"loc":{"start":{"line":78,"column":26},"end":{"line":78,"column":45}},"skip":true},"6":{"name":"(anonymous_6)","line":123,"loc":{"start":{"line":123,"column":33},"end":{"line":123,"column":48}},"skip":true},"7":{"name":"(anonymous_7)","line":125,"loc":{"start":{"line":125,"column":27},"end":{"line":125,"column":39}},"skip":true},"8":{"name":"(anonymous_8)","line":133,"loc":{"start":{"line":133,"column":59},"end":{"line":133,"column":74}},"skip":true},"9":{"name":"(anonymous_9)","line":143,"loc":{"start":{"line":143,"column":45},"end":{"line":143,"column":62}},"skip":true},"10":{"name":"(anonymous_10)","line":144,"loc":{"start":{"line":144,"column":73},"end":{"line":144,"column":92}},"skip":true},"11":{"name":"(anonymous_11)","line":272,"loc":{"start":{"line":272,"column":51},"end":{"line":272,"column":77}},"skip":true},"12":{"name":"(anonymous_12)","line":315,"loc":{"start":{"line":315,"column":32},"end":{"line":315,"column":61}},"skip":true}},"statementMap":{"1":{"start":{"line":26,"column":0},"end":{"line":326,"column":5}},"2":{"start":{"line":28,"column":4},"end":{"line":28,"column":14}},"3":{"start":{"line":33,"column":4},"end":{"line":60,"column":9}},"4":{"start":{"line":35,"column":8},"end":{"line":35,"column":19}},"5":{"start":{"line":37,"column":8},"end":{"line":49,"column":13}},"6":{"start":{"line":38,"column":12},"end":{"line":48,"column":13}},"7":{"start":{"line":39,"column":16},"end":{"line":42,"column":30}},"8":{"start":{"line":44,"column":16},"end":{"line":47,"column":27}},"9":{"start":{"line":51,"column":8},"end":{"line":53,"column":21}},"10":{"start":{"line":55,"column":8},"end":{"line":57,"column":45}},"11":{"start":{"line":59,"column":8},"end":{"line":59,"column":35}},"12":{"start":{"line":61,"column":4},"end":{"line":325,"column":5}},"13":{"start":{"line":69,"column":8},"end":{"line":121,"column":10},"skip":true},"14":{"start":{"line":70,"column":12},"end":{"line":88,"column":13},"skip":true},"15":{"start":{"line":76,"column":16},"end":{"line":87,"column":19},"skip":true},"16":{"start":{"line":79,"column":20},"end":{"line":86,"column":21},"skip":true},"17":{"start":{"line":82,"column":24},"end":{"line":82,"column":43},"skip":true},"18":{"start":{"line":83,"column":24},"end":{"line":83,"column":30},"skip":true},"19":{"start":{"line":85,"column":24},"end":{"line":85,"column":49},"skip":true},"20":{"start":{"line":89,"column":12},"end":{"line":107,"column":13},"skip":true},"21":{"start":{"line":92,"column":16},"end":{"line":102,"column":17},"skip":true},"22":{"start":{"line":93,"column":20},"end":{"line":93,"column":86},"skip":true},"23":{"start":{"line":94,"column":20},"end":{"line":95,"column":45},"skip":true},"24":{"start":{"line":96,"column":20},"end":{"line":96,"column":42},"skip":true},"25":{"start":{"line":97,"column":20},"end":{"line":97,"column":48},"skip":true},"26":{"start":{"line":100,"column":20},"end":{"line":100,"column":85},"skip":true},"27":{"start":{"line":101,"column":20},"end":{"line":101,"column":96},"skip":true},"28":{"start":{"line":103,"column":16},"end":{"line":103,"column":22},"skip":true},"29":{"start":{"line":106,"column":16},"end":{"line":106,"column":22},"skip":true},"30":{"start":{"line":108,"column":12},"end":{"line":120,"column":13},"skip":true},"31":{"start":{"line":114,"column":16},"end":{"line":119,"column":17},"skip":true},"32":{"start":{"line":116,"column":20},"end":{"line":116,"column":78},"skip":true},"33":{"start":{"line":118,"column":20},"end":{"line":118,"column":47},"skip":true},"34":{"start":{"line":123,"column":8},"end":{"line":141,"column":11},"skip":true},"35":{"start":{"line":124,"column":12},"end":{"line":124,"column":54},"skip":true},"36":{"start":{"line":125,"column":12},"end":{"line":140,"column":14},"skip":true},"37":{"start":{"line":126,"column":16},"end":{"line":126,"column":28},"skip":true},"38":{"start":{"line":127,"column":16},"end":{"line":127,"column":69},"skip":true},"39":{"start":{"line":128,"column":16},"end":{"line":128,"column":75},"skip":true},"40":{"start":{"line":129,"column":16},"end":{"line":131,"column":17},"skip":true},"41":{"start":{"line":130,"column":20},"end":{"line":130,"column":27},"skip":true},"42":{"start":{"line":133,"column":16},"end":{"line":137,"column":36},"skip":true},"43":{"start":{"line":134,"column":20},"end":{"line":136,"column":55},"skip":true},"44":{"start":{"line":139,"column":16},"end":{"line":139,"column":57},"skip":true},"45":{"start":{"line":143,"column":8},"end":{"line":147,"column":11},"skip":true},"46":{"start":{"line":144,"column":12},"end":{"line":146,"column":15},"skip":true},"47":{"start":{"line":145,"column":16},"end":{"line":145,"column":70},"skip":true},"48":{"start":{"line":149,"column":8},"end":{"line":149,"column":31},"skip":true},"49":{"start":{"line":150,"column":8},"end":{"line":150,"column":14},"skip":true},"50":{"start":{"line":158,"column":8},"end":{"line":158,"column":31},"skip":true},"51":{"start":{"line":160,"column":8},"end":{"line":160,"column":33},"skip":true},"52":{"start":{"line":161,"column":8},"end":{"line":161,"column":37},"skip":true},"53":{"start":{"line":162,"column":8},"end":{"line":162,"column":35},"skip":true},"54":{"start":{"line":164,"column":8},"end":{"line":164,"column":50},"skip":true},"55":{"start":{"line":166,"column":8},"end":{"line":256,"column":2},"skip":true},"56":{"start":{"line":258,"column":8},"end":{"line":286,"column":9},"skip":true},"57":{"start":{"line":259,"column":12},"end":{"line":269,"column":14},"skip":true},"58":{"start":{"line":271,"column":12},"end":{"line":285,"column":19},"skip":true},"59":{"start":{"line":274,"column":20},"end":{"line":274,"column":35},"skip":true},"60":{"start":{"line":275,"column":20},"end":{"line":284,"column":21},"skip":true},"61":{"start":{"line":277,"column":24},"end":{"line":277,"column":64},"skip":true},"62":{"start":{"line":279,"column":24},"end":{"line":279,"column":40},"skip":true},"63":{"start":{"line":281,"column":24},"end":{"line":281,"column":40},"skip":true},"64":{"start":{"line":283,"column":24},"end":{"line":283,"column":39},"skip":true},"65":{"start":{"line":288,"column":8},"end":{"line":290,"column":9},"skip":true},"66":{"start":{"line":289,"column":12},"end":{"line":289,"column":18},"skip":true},"67":{"start":{"line":291,"column":8},"end":{"line":293,"column":54},"skip":true},"68":{"start":{"line":296,"column":8},"end":{"line":301,"column":37},"skip":true},"69":{"start":{"line":303,"column":8},"end":{"line":303,"column":82},"skip":true},"70":{"start":{"line":306,"column":8},"end":{"line":308,"column":9},"skip":true},"71":{"start":{"line":307,"column":12},"end":{"line":307,"column":82},"skip":true},"72":{"start":{"line":310,"column":8},"end":{"line":312,"column":9},"skip":true},"73":{"start":{"line":311,"column":12},"end":{"line":311,"column":18},"skip":true},"74":{"start":{"line":313,"column":8},"end":{"line":313,"column":54},"skip":true},"75":{"start":{"line":314,"column":8},"end":{"line":314,"column":69},"skip":true},"76":{"start":{"line":315,"column":8},"end":{"line":323,"column":36},"skip":true},"77":{"start":{"line":316,"column":12},"end":{"line":316,"column":61},"skip":true},"78":{"start":{"line":317,"column":12},"end":{"line":320,"column":13},"skip":true},"79":{"start":{"line":318,"column":16},"end":{"line":318,"column":75},"skip":true},"80":{"start":{"line":319,"column":16},"end":{"line":319,"column":23},"skip":true},"81":{"start":{"line":321,"column":12},"end":{"line":321,"column":38},"skip":true},"82":{"start":{"line":322,"column":12},"end":{"line":322,"column":27},"skip":true},"83":{"start":{"line":324,"column":8},"end":{"line":324,"column":14},"skip":true}},"branchMap":{"1":{"line":39,"type":"binary-expr","locations":[{"start":{"line":39,"column":23},"end":{"line":39,"column":62}},{"start":{"line":40,"column":20},"end":{"line":40,"column":70}},{"start":{"line":41,"column":20},"end":{"line":41,"column":71}},{"start":{"line":42,"column":20},"end":{"line":42,"column":29}}]},"2":{"line":44,"type":"binary-expr","locations":[{"start":{"line":44,"column":23},"end":{"line":44,"column":37}},{"start":{"line":45,"column":20},"end":{"line":45,"column":61}},{"start":{"line":46,"column":20},"end":{"line":46,"column":70}},{"start":{"line":47,"column":20},"end":{"line":47,"column":26}}]},"3":{"line":51,"type":"cond-expr","locations":[{"start":{"line":52,"column":14},"end":{"line":52,"column":20}},{"start":{"line":53,"column":14},"end":{"line":53,"column":20}}]},"4":{"line":55,"type":"binary-expr","locations":[{"start":{"line":55,"column":16},"end":{"line":55,"column":44}},{"start":{"line":55,"column":49},"end":{"line":57,"column":43}}]},"5":{"line":55,"type":"cond-expr","locations":[{"start":{"line":56,"column":14},"end":{"line":56,"column":59}},{"start":{"line":57,"column":14},"end":{"line":57,"column":43}}]},"6":{"line":61,"type":"switch","locations":[{"start":{"line":68,"column":4},"end":{"line":150,"column":14},"skip":true},{"start":{"line":156,"column":4},"end":{"line":324,"column":14},"skip":true}]},"7":{"line":70,"type":"if","locations":[{"start":{"line":70,"column":12},"end":{"line":70,"column":12},"skip":true},{"start":{"line":70,"column":12},"end":{"line":70,"column":12},"skip":true}]},"8":{"line":70,"type":"binary-expr","locations":[{"start":{"line":70,"column":16},"end":{"line":70,"column":22},"skip":true},{"start":{"line":70,"column":27},"end":{"line":70,"column":32},"skip":true},{"start":{"line":71,"column":20},"end":{"line":71,"column":39},"skip":true},{"start":{"line":72,"column":20},"end":{"line":72,"column":49},"skip":true},{"start":{"line":73,"column":20},"end":{"line":73,"column":58},"skip":true},{"start":{"line":74,"column":20},"end":{"line":74,"column":69},"skip":true}]},"9":{"line":79,"type":"switch","locations":[{"start":{"line":80,"column":20},"end":{"line":80,"column":33},"skip":true},{"start":{"line":81,"column":20},"end":{"line":83,"column":30},"skip":true},{"start":{"line":84,"column":20},"end":{"line":85,"column":49},"skip":true}]},"10":{"line":89,"type":"switch","locations":[{"start":{"line":90,"column":12},"end":{"line":103,"column":22},"skip":true},{"start":{"line":105,"column":12},"end":{"line":106,"column":22},"skip":true}]},"11":{"line":89,"type":"binary-expr","locations":[{"start":{"line":89,"column":20},"end":{"line":89,"column":25},"skip":true},{"start":{"line":89,"column":29},"end":{"line":89,"column":48},"skip":true},{"start":{"line":89,"column":52},"end":{"line":89,"column":74},"skip":true}]},"12":{"line":92,"type":"if","locations":[{"start":{"line":92,"column":16},"end":{"line":92,"column":16},"skip":true},{"start":{"line":92,"column":16},"end":{"line":92,"column":16},"skip":true}]},"13":{"line":108,"type":"if","locations":[{"start":{"line":108,"column":12},"end":{"line":108,"column":12},"skip":true},{"start":{"line":108,"column":12},"end":{"line":108,"column":12},"skip":true}]},"14":{"line":108,"type":"binary-expr","locations":[{"start":{"line":108,"column":16},"end":{"line":108,"column":61},"skip":true},{"start":{"line":108,"column":66},"end":{"line":108,"column":72},"skip":true},{"start":{"line":108,"column":77},"end":{"line":108,"column":82},"skip":true},{"start":{"line":109,"column":20},"end":{"line":109,"column":39},"skip":true},{"start":{"line":110,"column":20},"end":{"line":110,"column":49},"skip":true},{"start":{"line":111,"column":20},"end":{"line":111,"column":58},"skip":true},{"start":{"line":112,"column":20},"end":{"line":112,"column":68},"skip":true}]},"15":{"line":129,"type":"if","locations":[{"start":{"line":129,"column":16},"end":{"line":129,"column":16},"skip":true},{"start":{"line":129,"column":16},"end":{"line":129,"column":16},"skip":true}]},"16":{"line":134,"type":"cond-expr","locations":[{"start":{"line":135,"column":26},"end":{"line":135,"column":29},"skip":true},{"start":{"line":136,"column":26},"end":{"line":136,"column":54},"skip":true}]},"17":{"line":164,"type":"binary-expr","locations":[{"start":{"line":164,"column":27},"end":{"line":164,"column":43},"skip":true},{"start":{"line":164,"column":47},"end":{"line":164,"column":49},"skip":true}]},"18":{"line":258,"type":"if","locations":[{"start":{"line":258,"column":8},"end":{"line":258,"column":8},"skip":true},{"start":{"line":258,"column":8},"end":{"line":258,"column":8},"skip":true}]},"19":{"line":275,"type":"switch","locations":[{"start":{"line":276,"column":20},"end":{"line":277,"column":64},"skip":true},{"start":{"line":278,"column":20},"end":{"line":279,"column":40},"skip":true},{"start":{"line":280,"column":20},"end":{"line":281,"column":40},"skip":true},{"start":{"line":282,"column":20},"end":{"line":283,"column":39},"skip":true}]},"20":{"line":288,"type":"if","locations":[{"start":{"line":288,"column":8},"end":{"line":288,"column":8},"skip":true},{"start":{"line":288,"column":8},"end":{"line":288,"column":8},"skip":true}]},"21":{"line":288,"type":"binary-expr","locations":[{"start":{"line":288,"column":12},"end":{"line":288,"column":40},"skip":true},{"start":{"line":288,"column":44},"end":{"line":288,"column":67},"skip":true}]},"22":{"line":292,"type":"binary-expr","locations":[{"start":{"line":292,"column":12},"end":{"line":292,"column":50},"skip":true},{"start":{"line":293,"column":12},"end":{"line":293,"column":53},"skip":true}]},"23":{"line":297,"type":"binary-expr","locations":[{"start":{"line":297,"column":12},"end":{"line":297,"column":73},"skip":true},{"start":{"line":298,"column":12},"end":{"line":301,"column":36},"skip":true}]},"24":{"line":303,"type":"binary-expr","locations":[{"start":{"line":303,"column":43},"end":{"line":303,"column":75},"skip":true},{"start":{"line":303,"column":79},"end":{"line":303,"column":81},"skip":true}]},"25":{"line":306,"type":"if","locations":[{"start":{"line":306,"column":8},"end":{"line":306,"column":8},"skip":true},{"start":{"line":306,"column":8},"end":{"line":306,"column":8},"skip":true}]},"26":{"line":310,"type":"if","locations":[{"start":{"line":310,"column":8},"end":{"line":310,"column":8},"skip":true},{"start":{"line":310,"column":8},"end":{"line":310,"column":8},"skip":true}]},"27":{"line":313,"type":"binary-expr","locations":[{"start":{"line":313,"column":27},"end":{"line":313,"column":43},"skip":true},{"start":{"line":313,"column":47},"end":{"line":313,"column":53},"skip":true}]},"28":{"line":317,"type":"if","locations":[{"start":{"line":317,"column":12},"end":{"line":317,"column":12},"skip":true},{"start":{"line":317,"column":12},"end":{"line":317,"column":12},"skip":true}]}},"code":["/*","example.js","","quickstart example","","instruction","    1. save this script as example.js","    2. run the shell command:","        $ npm install npmtest-express-graphql && PORT=8081 node example.js","    3. play with the browser-demo on http://127.0.0.1:8081","*/","","","","/* istanbul instrument in package npmtest_express_graphql */","/*jslint","    bitwise: true,","    browser: true,","    maxerr: 8,","    maxlen: 96,","    node: true,","    nomen: true,","    regexp: true,","    stupid: true","*/","(function () {","    'use strict';","    var local;","","","","    // run shared js-env code - init-before","    (function () {","        // init local","        local = {};","        // init modeJs","        local.modeJs = (function () {","            try {","                return typeof navigator.userAgent === 'string' &&","                    typeof document.querySelector('body') === 'object' &&","                    typeof XMLHttpRequest.prototype.open === 'function' &&","                    'browser';","            } catch (errorCaughtBrowser) {","                return module.exports &&","                    typeof process.versions.node === 'string' &&","                    typeof require('http').createServer === 'function' &&","                    'node';","            }","        }());","        // init global","        local.global = local.modeJs === 'browser'","            ? window","            : global;","        // init utility2_rollup","        local = local.global.utility2_rollup || (local.modeJs === 'browser'","            ? local.global.utility2_npmtest_express_graphql","            : global.utility2_moduleExports);","        // export local","        local.global.local = local;","    }());","    switch (local.modeJs) {","","","","    // init-after","    // run browser js-env code - init-after","    /* istanbul ignore next */","    case 'browser':","        local.testRunBrowser = function (event) {","            if (!event || (event &&","                    event.currentTarget &&","                    event.currentTarget.className &&","                    event.currentTarget.className.includes &&","                    event.currentTarget.className.includes('onreset'))) {","                // reset output","                Array.from(","                    document.querySelectorAll('body > .resettable')","                ).forEach(function (element) {","                    switch (element.tagName) {","                    case 'INPUT':","                    case 'TEXTAREA':","                        element.value = '';","                        break;","                    default:","                        element.textContent = '';","                    }","                });","            }","            switch (event && event.currentTarget && event.currentTarget.id) {","            case 'testRunButton1':","                // show tests","                if (document.querySelector('#testReportDiv1').style.display === 'none') {","                    document.querySelector('#testReportDiv1').style.display = 'block';","                    document.querySelector('#testRunButton1').textContent =","                        'hide internal test';","                    local.modeTest = true;","                    local.testRunDefault(local);","                // hide tests","                } else {","                    document.querySelector('#testReportDiv1').style.display = 'none';","                    document.querySelector('#testRunButton1').textContent = 'run internal test';","                }","                break;","            // custom-case","            default:","                break;","            }","            if (document.querySelector('#inputTextareaEval1') && (!event || (event &&","                    event.currentTarget &&","                    event.currentTarget.className &&","                    event.currentTarget.className.includes &&","                    event.currentTarget.className.includes('oneval')))) {","                // try to eval input-code","                try {","                    /*jslint evil: true*/","                    eval(document.querySelector('#inputTextareaEval1').value);","                } catch (errorCaught) {","                    console.error(errorCaught);","                }","            }","        };","        // log stderr and stdout to #outputTextareaStdout1","        ['error', 'log'].forEach(function (key) {","            console[key + '_original'] = console[key];","            console[key] = function () {","                var element;","                console[key + '_original'].apply(console, arguments);","                element = document.querySelector('#outputTextareaStdout1');","                if (!element) {","                    return;","                }","                // append text to #outputTextareaStdout1","                element.value += Array.from(arguments).map(function (arg) {","                    return typeof arg === 'string'","                        ? arg","                        : JSON.stringify(arg, null, 4);","                }).join(' ') + '\\n';","                // scroll textarea to bottom","                element.scrollTop = element.scrollHeight;","            };","        });","        // init event-handling","        ['change', 'click', 'keyup'].forEach(function (event) {","            Array.from(document.querySelectorAll('.on' + event)).forEach(function (element) {","                element.addEventListener(event, local.testRunBrowser);","            });","        });","        // run tests","        local.testRunBrowser();","        break;","","","","    // run node js-env code - init-after","    /* istanbul ignore next */","    case 'node':","        // export local","        module.exports = local;","        // require modules","        local.fs = require('fs');","        local.http = require('http');","        local.url = require('url');","        // init assets","        local.assetsDict = local.assetsDict || {};","        /* jslint-ignore-begin */","        local.assetsDict['/assets.index.template.html'] = '\\","<!doctype html>\\n\\","<html lang=\"en\">\\n\\","<head>\\n\\","<meta charset=\"UTF-8\">\\n\\","<meta name=\"viewport\" content=\"width=device-width, initial-scale=1\">\\n\\","<title>{{env.npm_package_name}} (v{{env.npm_package_version}})</title>\\n\\","<style>\\n\\","/*csslint\\n\\","    box-sizing: false,\\n\\","    universal-selector: false\\n\\","*/\\n\\","* {\\n\\","    box-sizing: border-box;\\n\\","}\\n\\","body {\\n\\","    background: #dde;\\n\\","    font-family: Arial, Helvetica, sans-serif;\\n\\","    margin: 2rem;\\n\\","}\\n\\","body > * {\\n\\","    margin-bottom: 1rem;\\n\\","}\\n\\",".utility2FooterDiv {\\n\\","    margin-top: 20px;\\n\\","    text-align: center;\\n\\","}\\n\\","</style>\\n\\","<style>\\n\\","/*csslint\\n\\","*/\\n\\","textarea {\\n\\","    font-family: monospace;\\n\\","    height: 10rem;\\n\\","    width: 100%;\\n\\","}\\n\\","textarea[readonly] {\\n\\","    background: #ddd;\\n\\","}\\n\\","</style>\\n\\","</head>\\n\\","<body>\\n\\","<!-- utility2-comment\\n\\","<div id=\"ajaxProgressDiv1\" style=\"background: #d00; height: 2px; left: 0; margin: 0; padding: 0; position: fixed; top: 0; transition: background 0.5s, width 1.5s; width: 25%;\"></div>\\n\\","utility2-comment -->\\n\\","<h1>\\n\\","<!-- utility2-comment\\n\\","    <a\\n\\","        {{#if env.npm_package_homepage}}\\n\\","        href=\"{{env.npm_package_homepage}}\"\\n\\","        {{/if env.npm_package_homepage}}\\n\\","        target=\"_blank\"\\n\\","    >\\n\\","utility2-comment -->\\n\\","        {{env.npm_package_name}} (v{{env.npm_package_version}})\\n\\","<!-- utility2-comment\\n\\","    </a>\\n\\","utility2-comment -->\\n\\","</h1>\\n\\","<h3>{{env.npm_package_description}}</h3>\\n\\","<!-- utility2-comment\\n\\","<h4><a download href=\"assets.app.js\">download standalone app</a></h4>\\n\\","<button class=\"onclick onreset\" id=\"testRunButton1\">run internal test</button><br>\\n\\","<div id=\"testReportDiv1\" style=\"display: none;\"></div>\\n\\","utility2-comment -->\\n\\","\\n\\","\\n\\","\\n\\","<label>stderr and stdout</label>\\n\\","<textarea class=\"resettable\" id=\"outputTextareaStdout1\" readonly></textarea>\\n\\","<!-- utility2-comment\\n\\","{{#if isRollup}}\\n\\","<script src=\"assets.app.js\"></script>\\n\\","{{#unless isRollup}}\\n\\","utility2-comment -->\\n\\","<script src=\"assets.utility2.rollup.js\"></script>\\n\\","<script src=\"jsonp.utility2._stateInit?callback=window.utility2._stateInit\"></script>\\n\\","<script src=\"assets.npmtest_express_graphql.rollup.js\"></script>\\n\\","<script src=\"assets.example.js\"></script>\\n\\","<script src=\"assets.test.js\"></script>\\n\\","<!-- utility2-comment\\n\\","{{/if isRollup}}\\n\\","utility2-comment -->\\n\\","<div class=\"utility2FooterDiv\">\\n\\","    [ this app was created with\\n\\","    <a href=\"https://github.com/kaizhu256/node-utility2\" target=\"_blank\">utility2</a>\\n\\","    ]\\n\\","</div>\\n\\","</body>\\n\\","</html>\\n\\","';","        /* jslint-ignore-end */","        if (local.templateRender) {","            local.assetsDict['/'] = local.templateRender(","                local.assetsDict['/assets.index.template.html'],","                {","                    env: local.objectSetDefault(local.env, {","                        npm_package_description: 'the greatest app in the world!',","                        npm_package_name: 'my-app',","                        npm_package_nameAlias: 'my_app',","                        npm_package_version: '0.0.1'","                    })","                }","            );","        } else {","            local.assetsDict['/'] = local.assetsDict['/assets.index.template.html']","                .replace((/\\{\\{env\\.(\\w+?)\\}\\}/g), function (match0, match1) {","                    // jslint-hack","                    String(match0);","                    switch (match1) {","                    case 'npm_package_description':","                        return 'the greatest app in the world!';","                    case 'npm_package_name':","                        return 'my-app';","                    case 'npm_package_nameAlias':","                        return 'my_app';","                    case 'npm_package_version':","                        return '0.0.1';","                    }","                });","        }","        // run the cli","        if (local.global.utility2_rollup || module !== require.main) {","            break;","        }","        local.assetsDict['/assets.example.js'] =","            local.assetsDict['/assets.example.js'] ||","            local.fs.readFileSync(__filename, 'utf8');","        // bug-workaround - long $npm_package_buildCustomOrg","        /* jslint-ignore-begin */","        local.assetsDict['/assets.npmtest_express_graphql.rollup.js'] =","            local.assetsDict['/assets.npmtest_express_graphql.rollup.js'] ||","            local.fs.readFileSync(","                local.npmtest_express_graphql.__dirname + '/lib.npmtest_express_graphql.js',","                'utf8'","            ).replace((/^#!/), '//');","        /* jslint-ignore-end */","        local.assetsDict['/favicon.ico'] = local.assetsDict['/favicon.ico'] || '';","        // if $npm_config_timeout_exit exists,","        // then exit this process after $npm_config_timeout_exit ms","        if (Number(process.env.npm_config_timeout_exit)) {","            setTimeout(process.exit, Number(process.env.npm_config_timeout_exit));","        }","        // start server","        if (local.global.utility2_serverHttp1) {","            break;","        }","        process.env.PORT = process.env.PORT || '8081';","        console.error('server starting on port ' + process.env.PORT);","        local.http.createServer(function (request, response) {","            request.urlParsed = local.url.parse(request.url);","            if (local.assetsDict[request.urlParsed.pathname] !== undefined) {","                response.end(local.assetsDict[request.urlParsed.pathname]);","                return;","            }","            response.statusCode = 404;","            response.end();","        }).listen(process.env.PORT);","        break;","    }","}());",""],"l":{"26":2,"28":2,"33":2,"35":2,"37":2,"38":2,"39":2,"44":1,"51":2,"55":2,"59":2,"61":2,"69":1,"70":2,"76":2,"79":2,"82":2,"83":2,"85":1,"89":2,"92":1,"93":1,"94":1,"96":1,"97":1,"100":1,"101":1,"103":1,"106":1,"108":2,"114":1,"116":1,"118":1,"123":1,"124":2,"125":2,"126":3,"127":3,"128":3,"129":3,"130":1,"133":3,"134":3,"139":3,"143":1,"144":3,"145":1,"149":1,"150":1,"158":1,"160":1,"161":1,"162":1,"164":1,"166":1,"258":1,"259":1,"271":1,"274":6,"275":6,"277":1,"279":2,"281":1,"283":2,"288":1,"289":1,"291":1,"296":1,"303":1,"306":1,"307":1,"310":1,"311":1,"313":1,"314":1,"315":1,"316":1,"317":1,"318":1,"319":1,"321":1,"322":1,"324":1}},"/home/travis/build/npmtest/node-npmtest-express-graphql/node_modules/express-graphql/dist/index.js":{"path":"/home/travis/build/npmtest/node-npmtest-express-graphql/node_modules/express-graphql/dist/index.js","s":{"1":1,"2":0,"3":0,"4":1,"5":1,"6":1,"7":1,"8":1,"9":1,"10":1,"11":1,"12":1,"13":1,"14":3,"15":1,"16":1,"17":0,"18":0,"19":0,"20":0,"21":0,"22":0,"23":0,"24":0,"25":0,"26":0,"27":0,"28":0,"29":0,"30":0,"31":0,"32":0,"33":0,"34":0,"35":0,"36":0,"37":0,"38":0,"39":0,"40":0,"41":0,"42":0,"43":0,"44":0,"45":0,"46":0,"47":0,"48":0,"49":0,"50":0,"51":0,"52":0,"53":0,"54":0,"55":0,"56":0,"57":0,"58":0,"59":0,"60":0,"61":0,"62":0,"63":0,"64":0,"65":0,"66":0,"67":0,"68":0,"69":0,"70":0,"71":0,"72":0,"73":0,"74":0,"75":0,"76":0,"77":0,"78":0,"79":0,"80":0,"81":0,"82":0,"83":0,"84":0,"85":0,"86":0,"87":0,"88":0,"89":0,"90":0,"91":0,"92":0,"93":0,"94":0,"95":0,"96":0,"97":0,"98":0,"99":0,"100":1,"101":1,"102":0,"103":0,"104":0,"105":1,"106":0,"107":0,"108":0,"109":0,"110":0,"111":0,"112":0,"113":0,"114":0,"115":0,"116":0,"117":0,"118":0,"119":0,"120":0,"121":1,"122":0,"123":1,"124":0,"125":0,"126":0},"b":{"1":[1,0],"2":[1,1],"3":[0,0],"4":[0,0,0,0],"5":[0,3],"6":[3,3],"7":[0,0],"8":[0,0],"9":[0,0],"10":[0,0],"11":[0,0],"12":[0,0],"13":[0,0],"14":[0,0],"15":[0,0],"16":[0,0],"17":[0,0],"18":[0,0],"19":[0,0],"20":[0,0],"21":[0,0],"22":[0,0],"23":[0,0],"24":[0,0],"25":[0,0],"26":[0,0],"27":[0,0],"28":[0,0],"29":[0,0],"30":[0,0],"31":[0,0],"32":[0,0],"33":[0,0],"34":[0,0],"35":[0,0],"36":[0,0],"37":[0,0],"38":[0,0,0],"39":[0,0],"40":[0,0],"41":[0,0],"42":[0,0],"43":[0,0],"44":[0,0],"45":[0,0],"46":[0,0],"47":[0,0],"48":[0,0],"49":[0,0],"50":[0,0]},"f":{"1":0,"2":0,"3":3,"4":0,"5":0,"6":0,"7":0,"8":0,"9":0,"10":0,"11":0,"12":0,"13":0,"14":0,"15":0,"16":0,"17":0},"fnMap":{"1":{"name":"(anonymous_1)","line":3,"loc":{"start":{"line":3,"column":84},"end":{"line":3,"column":99}}},"2":{"name":"(anonymous_2)","line":3,"loc":{"start":{"line":3,"column":124},"end":{"line":3,"column":139}}},"3":{"name":"_interopRequireDefault","line":31,"loc":{"start":{"line":31,"column":0},"end":{"line":31,"column":37}}},"4":{"name":"graphqlHTTP","line":52,"loc":{"start":{"line":52,"column":0},"end":{"line":52,"column":30}}},"5":{"name":"(anonymous_5)","line":57,"loc":{"start":{"line":57,"column":9},"end":{"line":57,"column":38}}},"6":{"name":"(anonymous_6)","line":78,"loc":{"start":{"line":78,"column":23},"end":{"line":78,"column":42}}},"7":{"name":"(anonymous_7)","line":80,"loc":{"start":{"line":80,"column":12},"end":{"line":80,"column":35}}},"8":{"name":"(anonymous_8)","line":113,"loc":{"start":{"line":113,"column":12},"end":{"line":113,"column":30}}},"9":{"name":"(anonymous_9)","line":174,"loc":{"start":{"line":174,"column":12},"end":{"line":174,"column":30}}},"10":{"name":"(anonymous_10)","line":183,"loc":{"start":{"line":183,"column":17},"end":{"line":183,"column":39}}},"11":{"name":"(anonymous_11)","line":191,"loc":{"start":{"line":191,"column":13},"end":{"line":191,"column":30}}},"12":{"name":"(anonymous_12)","line":195,"loc":{"start":{"line":195,"column":12},"end":{"line":195,"column":30}}},"13":{"name":"getGraphQLParams","line":231,"loc":{"start":{"line":231,"column":0},"end":{"line":231,"column":35}}},"14":{"name":"(anonymous_14)","line":232,"loc":{"start":{"line":232,"column":49},"end":{"line":232,"column":69}}},"15":{"name":"parseGraphQLParams","line":241,"loc":{"start":{"line":241,"column":0},"end":{"line":241,"column":47}}},"16":{"name":"canDisplayGraphiQL","line":274,"loc":{"start":{"line":274,"column":0},"end":{"line":274,"column":45}}},"17":{"name":"sendResponse","line":285,"loc":{"start":{"line":285,"column":0},"end":{"line":285,"column":38}}}},"statementMap":{"1":{"start":{"line":3,"column":0},"end":{"line":3,"column":269}},"2":{"start":{"line":3,"column":101},"end":{"line":3,"column":119}},"3":{"start":{"line":3,"column":141},"end":{"line":3,"column":266}},"4":{"start":{"line":13,"column":0},"end":{"line":13,"column":34}},"5":{"start":{"line":15,"column":0},"end":{"line":15,"column":49}},"6":{"start":{"line":17,"column":0},"end":{"line":17,"column":34}},"7":{"start":{"line":19,"column":0},"end":{"line":19,"column":41}},"8":{"start":{"line":21,"column":0},"end":{"line":21,"column":55}},"9":{"start":{"line":23,"column":0},"end":{"line":23,"column":26}},"10":{"start":{"line":25,"column":0},"end":{"line":25,"column":41}},"11":{"start":{"line":27,"column":0},"end":{"line":27,"column":40}},"12":{"start":{"line":29,"column":0},"end":{"line":29,"column":50}},"13":{"start":{"line":31,"column":0},"end":{"line":31,"column":95}},"14":{"start":{"line":31,"column":39},"end":{"line":31,"column":93}},"15":{"start":{"line":51,"column":0},"end":{"line":51,"column":29}},"16":{"start":{"line":52,"column":0},"end":{"line":224,"column":1}},"17":{"start":{"line":53,"column":2},"end":{"line":55,"column":3}},"18":{"start":{"line":54,"column":4},"end":{"line":54,"column":60}},"19":{"start":{"line":57,"column":2},"end":{"line":223,"column":4}},"20":{"start":{"line":60,"column":4},"end":{"line":60,"column":24}},"21":{"start":{"line":61,"column":4},"end":{"line":61,"column":25}},"22":{"start":{"line":62,"column":4},"end":{"line":62,"column":27}},"23":{"start":{"line":63,"column":4},"end":{"line":63,"column":24}},"24":{"start":{"line":64,"column":4},"end":{"line":64,"column":26}},"25":{"start":{"line":65,"column":4},"end":{"line":65,"column":31}},"26":{"start":{"line":66,"column":4},"end":{"line":66,"column":30}},"27":{"start":{"line":67,"column":4},"end":{"line":67,"column":30}},"28":{"start":{"line":68,"column":4},"end":{"line":68,"column":23}},"29":{"start":{"line":69,"column":4},"end":{"line":69,"column":29}},"30":{"start":{"line":70,"column":4},"end":{"line":70,"column":27}},"31":{"start":{"line":71,"column":4},"end":{"line":71,"column":31}},"32":{"start":{"line":72,"column":4},"end":{"line":72,"column":33}},"33":{"start":{"line":78,"column":4},"end":{"line":222,"column":7}},"34":{"start":{"line":79,"column":6},"end":{"line":79,"column":84}},"35":{"start":{"line":82,"column":6},"end":{"line":84,"column":7}},"36":{"start":{"line":83,"column":8},"end":{"line":83,"column":155}},"37":{"start":{"line":87,"column":6},"end":{"line":89,"column":7}},"38":{"start":{"line":88,"column":8},"end":{"line":88,"column":77}},"39":{"start":{"line":92,"column":6},"end":{"line":92,"column":34}},"40":{"start":{"line":93,"column":6},"end":{"line":93,"column":47}},"41":{"start":{"line":94,"column":6},"end":{"line":94,"column":40}},"42":{"start":{"line":95,"column":6},"end":{"line":95,"column":34}},"43":{"start":{"line":96,"column":6},"end":{"line":96,"column":38}},"44":{"start":{"line":97,"column":6},"end":{"line":97,"column":46}},"45":{"start":{"line":98,"column":6},"end":{"line":98,"column":44}},"46":{"start":{"line":100,"column":6},"end":{"line":100,"column":48}},"47":{"start":{"line":101,"column":6},"end":{"line":103,"column":7}},"48":{"start":{"line":102,"column":8},"end":{"line":102,"column":78}},"49":{"start":{"line":106,"column":6},"end":{"line":109,"column":7}},"50":{"start":{"line":107,"column":8},"end":{"line":107,"column":49}},"51":{"start":{"line":108,"column":8},"end":{"line":108,"column":93}},"52":{"start":{"line":112,"column":6},"end":{"line":112,"column":39}},"53":{"start":{"line":115,"column":6},"end":{"line":115,"column":27}},"54":{"start":{"line":116,"column":6},"end":{"line":116,"column":35}},"55":{"start":{"line":117,"column":6},"end":{"line":117,"column":43}},"56":{"start":{"line":118,"column":6},"end":{"line":118,"column":69}},"57":{"start":{"line":122,"column":6},"end":{"line":127,"column":7}},"58":{"start":{"line":123,"column":8},"end":{"line":125,"column":9}},"59":{"start":{"line":124,"column":10},"end":{"line":124,"column":22}},"60":{"start":{"line":126,"column":8},"end":{"line":126,"column":75}},"61":{"start":{"line":130,"column":6},"end":{"line":130,"column":65}},"62":{"start":{"line":133,"column":6},"end":{"line":139,"column":7}},"63":{"start":{"line":134,"column":8},"end":{"line":134,"column":50}},"64":{"start":{"line":137,"column":8},"end":{"line":137,"column":34}},"65":{"start":{"line":138,"column":8},"end":{"line":138,"column":41}},"66":{"start":{"line":142,"column":6},"end":{"line":142,"column":90}},"67":{"start":{"line":143,"column":6},"end":{"line":147,"column":7}},"68":{"start":{"line":145,"column":8},"end":{"line":145,"column":34}},"69":{"start":{"line":146,"column":8},"end":{"line":146,"column":44}},"70":{"start":{"line":150,"column":6},"end":{"line":165,"column":7}},"71":{"start":{"line":152,"column":8},"end":{"line":152,"column":85}},"72":{"start":{"line":153,"column":8},"end":{"line":164,"column":9}},"73":{"start":{"line":157,"column":10},"end":{"line":159,"column":11}},"74":{"start":{"line":158,"column":12},"end":{"line":158,"column":24}},"75":{"start":{"line":162,"column":10},"end":{"line":162,"column":46}},"76":{"start":{"line":163,"column":10},"end":{"line":163,"column":136}},"77":{"start":{"line":167,"column":6},"end":{"line":173,"column":7}},"78":{"start":{"line":168,"column":8},"end":{"line":168,"column":104}},"79":{"start":{"line":171,"column":8},"end":{"line":171,"column":34}},"80":{"start":{"line":172,"column":8},"end":{"line":172,"column":42}},"81":{"start":{"line":177,"column":6},"end":{"line":189,"column":7}},"82":{"start":{"line":178,"column":8},"end":{"line":188,"column":11}},"83":{"start":{"line":184,"column":10},"end":{"line":186,"column":11}},"84":{"start":{"line":185,"column":12},"end":{"line":185,"column":43}},"85":{"start":{"line":187,"column":10},"end":{"line":187,"column":24}},"86":{"start":{"line":190,"column":6},"end":{"line":190,"column":20}},"87":{"start":{"line":193,"column":6},"end":{"line":193,"column":48}},"88":{"start":{"line":194,"column":6},"end":{"line":194,"column":33}},"89":{"start":{"line":201,"column":6},"end":{"line":203,"column":7}},"90":{"start":{"line":202,"column":8},"end":{"line":202,"column":34}},"91":{"start":{"line":205,"column":6},"end":{"line":207,"column":7}},"92":{"start":{"line":206,"column":8},"end":{"line":206,"column":81}},"93":{"start":{"line":209,"column":6},"end":{"line":221,"column":7}},"94":{"start":{"line":210,"column":8},"end":{"line":213,"column":11}},"95":{"start":{"line":214,"column":8},"end":{"line":214,"column":71}},"96":{"start":{"line":215,"column":8},"end":{"line":215,"column":40}},"97":{"start":{"line":218,"column":8},"end":{"line":218,"column":68}},"98":{"start":{"line":219,"column":8},"end":{"line":219,"column":78}},"99":{"start":{"line":220,"column":8},"end":{"line":220,"column":41}},"100":{"start":{"line":230,"column":0},"end":{"line":230,"column":51}},"101":{"start":{"line":231,"column":0},"end":{"line":236,"column":1}},"102":{"start":{"line":232,"column":2},"end":{"line":235,"column":5}},"103":{"start":{"line":233,"column":4},"end":{"line":233,"column":84}},"104":{"start":{"line":234,"column":4},"end":{"line":234,"column":49}},"105":{"start":{"line":241,"column":0},"end":{"line":269,"column":1}},"106":{"start":{"line":243,"column":2},"end":{"line":243,"column":46}},"107":{"start":{"line":244,"column":2},"end":{"line":246,"column":3}},"108":{"start":{"line":245,"column":4},"end":{"line":245,"column":17}},"109":{"start":{"line":249,"column":2},"end":{"line":249,"column":58}},"110":{"start":{"line":250,"column":2},"end":{"line":258,"column":3}},"111":{"start":{"line":251,"column":4},"end":{"line":255,"column":5}},"112":{"start":{"line":252,"column":6},"end":{"line":252,"column":40}},"113":{"start":{"line":254,"column":6},"end":{"line":254,"column":74}},"114":{"start":{"line":256,"column":9},"end":{"line":258,"column":3}},"115":{"start":{"line":257,"column":4},"end":{"line":257,"column":21}},"116":{"start":{"line":261,"column":2},"end":{"line":261,"column":70}},"117":{"start":{"line":262,"column":2},"end":{"line":264,"column":3}},"118":{"start":{"line":263,"column":4},"end":{"line":263,"column":25}},"119":{"start":{"line":266,"column":2},"end":{"line":266,"column":68}},"120":{"start":{"line":268,"column":2},"end":{"line":268,"column":88}},"121":{"start":{"line":274,"column":0},"end":{"line":279,"column":1}},"122":{"start":{"line":278,"column":2},"end":{"line":278,"column":91}},"123":{"start":{"line":285,"column":0},"end":{"line":291,"column":1}},"124":{"start":{"line":286,"column":2},"end":{"line":290,"column":3}},"125":{"start":{"line":287,"column":4},"end":{"line":287,"column":24}},"126":{"start":{"line":289,"column":4},"end":{"line":289,"column":23}}},"branchMap":{"1":{"line":3,"type":"cond-expr","locations":[{"start":{"line":3,"column":84},"end":{"line":3,"column":121}},{"start":{"line":3,"column":124},"end":{"line":3,"column":268}}]},"2":{"line":3,"type":"binary-expr","locations":[{"start":{"line":3,"column":14},"end":{"line":3,"column":42}},{"start":{"line":3,"column":46},"end":{"line":3,"column":81}}]},"3":{"line":3,"type":"cond-expr","locations":[{"start":{"line":3,"column":244},"end":{"line":3,"column":252}},{"start":{"line":3,"column":255},"end":{"line":3,"column":265}}]},"4":{"line":3,"type":"binary-expr","locations":[{"start":{"line":3,"column":148},"end":{"line":3,"column":151}},{"start":{"line":3,"column":155},"end":{"line":3,"column":183}},{"start":{"line":3,"column":187},"end":{"line":3,"column":213}},{"start":{"line":3,"column":217},"end":{"line":3,"column":241}}]},"5":{"line":31,"type":"cond-expr","locations":[{"start":{"line":31,"column":70},"end":{"line":31,"column":73}},{"start":{"line":31,"column":76},"end":{"line":31,"column":92}}]},"6":{"line":31,"type":"binary-expr","locations":[{"start":{"line":31,"column":46},"end":{"line":31,"column":49}},{"start":{"line":31,"column":53},"end":{"line":31,"column":67}}]},"7":{"line":53,"type":"if","locations":[{"start":{"line":53,"column":2},"end":{"line":53,"column":2}},{"start":{"line":53,"column":2},"end":{"line":53,"column":2}}]},"8":{"line":79,"type":"cond-expr","locations":[{"start":{"line":79,"column":46},"end":{"line":79,"column":72}},{"start":{"line":79,"column":75},"end":{"line":79,"column":82}}]},"9":{"line":82,"type":"if","locations":[{"start":{"line":82,"column":6},"end":{"line":82,"column":6}},{"start":{"line":82,"column":6},"end":{"line":82,"column":6}}]},"10":{"line":82,"type":"binary-expr","locations":[{"start":{"line":82,"column":10},"end":{"line":82,"column":22}},{"start":{"line":82,"column":26},"end":{"line":82,"column":112}}]},"11":{"line":82,"type":"cond-expr","locations":[{"start":{"line":82,"column":64},"end":{"line":82,"column":75}},{"start":{"line":82,"column":78},"end":{"line":82,"column":98}}]},"12":{"line":87,"type":"if","locations":[{"start":{"line":87,"column":6},"end":{"line":87,"column":6}},{"start":{"line":87,"column":6},"end":{"line":87,"column":6}}]},"13":{"line":93,"type":"binary-expr","locations":[{"start":{"line":93,"column":16},"end":{"line":93,"column":35}},{"start":{"line":93,"column":39},"end":{"line":93,"column":46}}]},"14":{"line":101,"type":"if","locations":[{"start":{"line":101,"column":6},"end":{"line":101,"column":6}},{"start":{"line":101,"column":6},"end":{"line":101,"column":6}}]},"15":{"line":106,"type":"if","locations":[{"start":{"line":106,"column":6},"end":{"line":106,"column":6}},{"start":{"line":106,"column":6},"end":{"line":106,"column":6}}]},"16":{"line":106,"type":"binary-expr","locations":[{"start":{"line":106,"column":10},"end":{"line":106,"column":34}},{"start":{"line":106,"column":38},"end":{"line":106,"column":63}}]},"17":{"line":118,"type":"binary-expr","locations":[{"start":{"line":118,"column":21},"end":{"line":118,"column":29}},{"start":{"line":118,"column":33},"end":{"line":118,"column":68}}]},"18":{"line":122,"type":"if","locations":[{"start":{"line":122,"column":6},"end":{"line":122,"column":6}},{"start":{"line":122,"column":6},"end":{"line":122,"column":6}}]},"19":{"line":123,"type":"if","locations":[{"start":{"line":123,"column":8},"end":{"line":123,"column":8}},{"start":{"line":123,"column":8},"end":{"line":123,"column":8}}]},"20":{"line":143,"type":"if","locations":[{"start":{"line":143,"column":6},"end":{"line":143,"column":6}},{"start":{"line":143,"column":6},"end":{"line":143,"column":6}}]},"21":{"line":150,"type":"if","locations":[{"start":{"line":150,"column":6},"end":{"line":150,"column":6}},{"start":{"line":150,"column":6},"end":{"line":150,"column":6}}]},"22":{"line":153,"type":"if","locations":[{"start":{"line":153,"column":8},"end":{"line":153,"column":8}},{"start":{"line":153,"column":8},"end":{"line":153,"column":8}}]},"23":{"line":153,"type":"binary-expr","locations":[{"start":{"line":153,"column":12},"end":{"line":153,"column":24}},{"start":{"line":153,"column":28},"end":{"line":153,"column":62}}]},"24":{"line":157,"type":"if","locations":[{"start":{"line":157,"column":10},"end":{"line":157,"column":10}},{"start":{"line":157,"column":10},"end":{"line":157,"column":10}}]},"25":{"line":177,"type":"if","locations":[{"start":{"line":177,"column":6},"end":{"line":177,"column":6}},{"start":{"line":177,"column":6},"end":{"line":177,"column":6}}]},"26":{"line":177,"type":"binary-expr","locations":[{"start":{"line":177,"column":10},"end":{"line":177,"column":16}},{"start":{"line":177,"column":20},"end":{"line":177,"column":32}}]},"27":{"line":184,"type":"if","locations":[{"start":{"line":184,"column":10},"end":{"line":184,"column":10}},{"start":{"line":184,"column":10},"end":{"line":184,"column":10}}]},"28":{"line":184,"type":"binary-expr","locations":[{"start":{"line":184,"column":14},"end":{"line":184,"column":24}},{"start":{"line":184,"column":28},"end":{"line":184,"column":112}}]},"29":{"line":184,"type":"cond-expr","locations":[{"start":{"line":184,"column":65},"end":{"line":184,"column":76}},{"start":{"line":184,"column":79},"end":{"line":184,"column":98}}]},"30":{"line":193,"type":"binary-expr","locations":[{"start":{"line":193,"column":28},"end":{"line":193,"column":40}},{"start":{"line":193,"column":44},"end":{"line":193,"column":47}}]},"31":{"line":201,"type":"if","locations":[{"start":{"line":201,"column":6},"end":{"line":201,"column":6}},{"start":{"line":201,"column":6},"end":{"line":201,"column":6}}]},"32":{"line":201,"type":"binary-expr","locations":[{"start":{"line":201,"column":10},"end":{"line":201,"column":16}},{"start":{"line":201,"column":20},"end":{"line":201,"column":40}}]},"33":{"line":205,"type":"if","locations":[{"start":{"line":205,"column":6},"end":{"line":205,"column":6}},{"start":{"line":205,"column":6},"end":{"line":205,"column":6}}]},"34":{"line":205,"type":"binary-expr","locations":[{"start":{"line":205,"column":10},"end":{"line":205,"column":16}},{"start":{"line":205,"column":20},"end":{"line":205,"column":33}}]},"35":{"line":206,"type":"binary-expr","locations":[{"start":{"line":206,"column":42},"end":{"line":206,"column":55}},{"start":{"line":206,"column":59},"end":{"line":206,"column":79}}]},"36":{"line":209,"type":"if","locations":[{"start":{"line":209,"column":6},"end":{"line":209,"column":6}},{"start":{"line":209,"column":6},"end":{"line":209,"column":6}}]},"37":{"line":218,"type":"cond-expr","locations":[{"start":{"line":218,"column":61},"end":{"line":218,"column":62}},{"start":{"line":218,"column":65},"end":{"line":218,"column":66}}]},"38":{"line":233,"type":"binary-expr","locations":[{"start":{"line":233,"column":18},"end":{"line":233,"column":29}},{"start":{"line":233,"column":33},"end":{"line":233,"column":77}},{"start":{"line":233,"column":81},"end":{"line":233,"column":83}}]},"39":{"line":243,"type":"binary-expr","locations":[{"start":{"line":243,"column":14},"end":{"line":243,"column":27}},{"start":{"line":243,"column":31},"end":{"line":243,"column":45}}]},"40":{"line":244,"type":"if","locations":[{"start":{"line":244,"column":2},"end":{"line":244,"column":2}},{"start":{"line":244,"column":2},"end":{"line":244,"column":2}}]},"41":{"line":249,"type":"binary-expr","locations":[{"start":{"line":249,"column":18},"end":{"line":249,"column":35}},{"start":{"line":249,"column":39},"end":{"line":249,"column":57}}]},"42":{"line":250,"type":"if","locations":[{"start":{"line":250,"column":2},"end":{"line":250,"column":2}},{"start":{"line":250,"column":2},"end":{"line":250,"column":2}}]},"43":{"line":250,"type":"binary-expr","locations":[{"start":{"line":250,"column":6},"end":{"line":250,"column":15}},{"start":{"line":250,"column":19},"end":{"line":250,"column":48}}]},"44":{"line":256,"type":"if","locations":[{"start":{"line":256,"column":9},"end":{"line":256,"column":9}},{"start":{"line":256,"column":9},"end":{"line":256,"column":9}}]},"45":{"line":256,"type":"cond-expr","locations":[{"start":{"line":256,"column":49},"end":{"line":256,"column":60}},{"start":{"line":256,"column":63},"end":{"line":256,"column":81}}]},"46":{"line":261,"type":"binary-expr","locations":[{"start":{"line":261,"column":22},"end":{"line":261,"column":43}},{"start":{"line":261,"column":47},"end":{"line":261,"column":69}}]},"47":{"line":262,"type":"if","locations":[{"start":{"line":262,"column":2},"end":{"line":262,"column":2}},{"start":{"line":262,"column":2},"end":{"line":262,"column":2}}]},"48":{"line":266,"type":"binary-expr","locations":[{"start":{"line":266,"column":12},"end":{"line":266,"column":37}},{"start":{"line":266,"column":41},"end":{"line":266,"column":67}}]},"49":{"line":278,"type":"binary-expr","locations":[{"start":{"line":278,"column":9},"end":{"line":278,"column":20}},{"start":{"line":278,"column":24},"end":{"line":278,"column":90}}]},"50":{"line":286,"type":"if","locations":[{"start":{"line":286,"column":2},"end":{"line":286,"column":2}},{"start":{"line":286,"column":2},"end":{"line":286,"column":2}}]}},"code":["'use strict';","","var _typeof = typeof Symbol === \"function\" && typeof Symbol.iterator === \"symbol\" ? function (obj) { return typeof obj; } : function (obj) { return obj && typeof Symbol === \"function\" && obj.constructor === Symbol && obj !== Symbol.prototype ? \"symbol\" : typeof obj; };","/**"," *  Copyright (c) 2015, Facebook, Inc."," *  All rights reserved."," *"," *  This source code is licensed under the BSD-style license found in the"," *  LICENSE file in the root directory of this source tree. An additional grant"," *  of patent rights can be found in the PATENTS file in the same directory."," */","","var _accepts = require('accepts');","","var _accepts2 = _interopRequireDefault(_accepts);","","var _graphql = require('graphql');","","var _httpErrors = require('http-errors');","","var _httpErrors2 = _interopRequireDefault(_httpErrors);","","var _url = require('url');","","var _url2 = _interopRequireDefault(_url);","","var _parseBody = require('./parseBody');","","var _renderGraphiQL = require('./renderGraphiQL');","","function _interopRequireDefault(obj) { return obj && obj.__esModule ? obj : { default: obj }; }","","/**"," * Middleware for express; takes an options object or function as input to"," * configure behavior, and returns an express middleware."," */","","","/**"," * Used to configure the graphqlHTTP middleware by providing a schema"," * and other configuration options."," *"," * Options can be provided as an Object, a Promise for an Object, or a Function"," * that returns an Object or a Promise for an Object."," */","","","/**"," * All information about a GraphQL request."," */","module.exports = graphqlHTTP;","function graphqlHTTP(options) {","  if (!options) {","    throw new Error('GraphQL middleware requires options.');","  }","","  return function (request, response) {","    // Higher scoped variables are referred to at various stages in the","    // asynchronous state machine below.","    var schema = void 0;","    var context = void 0;","    var rootValue = void 0;","    var pretty = void 0;","    var graphiql = void 0;","    var formatErrorFn = void 0;","    var extensionsFn = void 0;","    var showGraphiQL = void 0;","    var query = void 0;","    var documentAST = void 0;","    var variables = void 0;","    var operationName = void 0;","    var validationRules = void 0;","","    // Promises are used as a mechanism for capturing any thrown errors during","    // the asynchronous process below.","","    // Resolve the Options to get OptionsData.","    return new Promise(function (resolve) {","      resolve(typeof options === 'function' ? options(request, response) : options);","    }).then(function (optionsData) {","      // Assert that optionsData is in fact an Object.","      if (!optionsData || (typeof optionsData === 'undefined' ? 'undefined' : _typeof(optionsData)) !== 'object') {","        throw new Error('GraphQL middleware option function must return an options object ' + 'or a promise which will be resolved to an options object.');","      }","","      // Assert that schema is required.","      if (!optionsData.schema) {","        throw new Error('GraphQL middleware options must contain a schema.');","      }","","      // Collect information from the options data object.","      schema = optionsData.schema;","      context = optionsData.context || request;","      rootValue = optionsData.rootValue;","      pretty = optionsData.pretty;","      graphiql = optionsData.graphiql;","      formatErrorFn = optionsData.formatError;","      extensionsFn = optionsData.extensions;","","      validationRules = _graphql.specifiedRules;","      if (optionsData.validationRules) {","        validationRules = validationRules.concat(optionsData.validationRules);","      }","","      // GraphQL HTTP only supports GET and POST methods.","      if (request.method !== 'GET' && request.method !== 'POST') {","        response.setHeader('Allow', 'GET, POST');","        throw (0, _httpErrors2.default)(405, 'GraphQL only supports GET and POST requests.');","      }","","      // Parse the Request to get GraphQL request parameters.","      return getGraphQLParams(request);","    }).then(function (params) {","      // Get GraphQL params from the request and POST body data.","      query = params.query;","      variables = params.variables;","      operationName = params.operationName;","      showGraphiQL = graphiql && canDisplayGraphiQL(request, params);","","      // If there is no query, but GraphiQL will be displayed, do not produce","      // a result, otherwise return a 400: Bad Request.","      if (!query) {","        if (showGraphiQL) {","          return null;","        }","        throw (0, _httpErrors2.default)(400, 'Must provide query string.');","      }","","      // GraphQL source.","      var source = new _graphql.Source(query, 'GraphQL request');","","      // Parse source to AST, reporting any syntax error.","      try {","        documentAST = (0, _graphql.parse)(source);","      } catch (syntaxError) {","        // Return 400: Bad Request if any syntax errors errors exist.","        response.statusCode = 400;","        return { errors: [syntaxError] };","      }","","      // Validate AST, reporting any errors.","      var validationErrors = (0, _graphql.validate)(schema, documentAST, validationRules);","      if (validationErrors.length > 0) {","        // Return 400: Bad Request if any validation errors exist.","        response.statusCode = 400;","        return { errors: validationErrors };","      }","","      // Only query operations are allowed on GET requests.","      if (request.method === 'GET') {","        // Determine if this GET request will perform a non-query.","        var operationAST = (0, _graphql.getOperationAST)(documentAST, operationName);","        if (operationAST && operationAST.operation !== 'query') {","          // If GraphiQL can be shown, do not perform this query, but","          // provide it to GraphiQL so that the requester may perform it","          // themselves if desired.","          if (showGraphiQL) {","            return null;","          }","","          // Otherwise, report a 405: Method Not Allowed error.","          response.setHeader('Allow', 'POST');","          throw (0, _httpErrors2.default)(405, 'Can only perform a ' + operationAST.operation + ' operation ' + 'from a POST request.');","        }","      }","      // Perform the execution, reporting any errors creating the context.","      try {","        return (0, _graphql.execute)(schema, documentAST, rootValue, context, variables, operationName);","      } catch (contextError) {","        // Return 400: Bad Request if any execution context errors exist.","        response.statusCode = 400;","        return { errors: [contextError] };","      }","    }).then(function (result) {","      // Collect and apply any metadata extensions if a function was provided.","      // http://facebook.github.io/graphql/#sec-Response-Format","      if (result && extensionsFn) {","        return Promise.resolve(extensionsFn({","          document: documentAST,","          variables: variables,","          operationName: operationName,","          result: result","        })).then(function (extensions) {","          if (extensions && (typeof extensions === 'undefined' ? 'undefined' : _typeof(extensions)) === 'object') {","            result.extensions = extensions;","          }","          return result;","        });","      }","      return result;","    }).catch(function (error) {","      // If an error was caught, report the httpError status, or 500.","      response.statusCode = error.status || 500;","      return { errors: [error] };","    }).then(function (result) {","      // If no data was included in the result, that indicates a runtime query","      // error, indicate as such with a generic status code.","      // Note: Information about the error itself will still be contained in","      // the resulting JSON payload.","      // http://facebook.github.io/graphql/#sec-Data","      if (result && result.data === null) {","        response.statusCode = 500;","      }","      // Format any encountered errors.","      if (result && result.errors) {","        result.errors = result.errors.map(formatErr
[...]
art":{"line":69,"column":6},"end":{"line":69,"column":25}},"30":{"start":{"line":73,"column":4},"end":{"line":80,"column":5}},"31":{"start":{"line":75,"column":8},"end":{"line":75,"column":67}},"32":{"start":{"line":77,"column":8},"end":{"line":77,"column":71}},"33":{"start":{"line":79,"column":8},"end":{"line":79,"column":70}},"34":{"start":{"line":83,"column":4},"end":{"line":83,"column":23}},"35":{"start":{"line":87,"column":0},"end":{"line":98,"column":1}},"36":{"start":{"line":88,"column":2},"end":{"line":96,"column":3}},"37":{"start":{"line":90,"column":4},"end":{"line":92,"column":22}},"38":{"start":{"line":91,"column":6},"end":{"line":91,"column":30}},"39":{"start":{"line":97,"column":2},"end":{"line":97,"column":71}},"40":{"start":{"line":100,"column":0},"end":{"line":102,"column":1}},"41":{"start":{"line":101,"column":2},"end":{"line":101,"column":43}},"42":{"start":{"line":104,"column":0},"end":{"line":106,"column":1}},"43":{"start":{"line":105,"column":2},"end":{"line":105,"column":25}},"44":{"start":{"line":117,"column":0},"end":{"line":117,"column":44}},"45":{"start":{"line":120,"column":0},"end":{"line":148,"column":1}},"46":{"start":{"line":121,"column":2},"end":{"line":121,"column":71}},"47":{"start":{"line":124,"column":2},"end":{"line":126,"column":3}},"48":{"start":{"line":125,"column":4},"end":{"line":125,"column":97}},"49":{"start":{"line":129,"column":2},"end":{"line":129,"column":56}},"50":{"start":{"line":130,"column":2},"end":{"line":130,"column":98}},"51":{"start":{"line":131,"column":2},"end":{"line":131,"column":78}},"52":{"start":{"line":132,"column":2},"end":{"line":132,"column":25}},"53":{"start":{"line":133,"column":2},"end":{"line":133,"column":43}},"54":{"start":{"line":136,"column":2},"end":{"line":147,"column":5}},"55":{"start":{"line":137,"column":4},"end":{"line":139,"column":5}},"56":{"start":{"line":138,"column":6},"end":{"line":138,"column":217}},"57":{"start":{"line":141,"column":4},"end":{"line":146,"column":5}},"58":{"start":{"line":143,"column":6},"end":{"line":143,"column":36}},"59":{"start":{"line":145,"column":6},"end":{"line":145,"column":27}},"60":{"start":{"line":151,"column":0},"end":{"line":161,"column":1}},"61":{"start":{"line":152,"column":2},"end":{"line":159,"column":3}},"62":{"start":{"line":154,"column":6},"end":{"line":154,"column":17}},"63":{"start":{"line":156,"column":6},"end":{"line":156,"column":54}},"64":{"start":{"line":158,"column":6},"end":{"line":158,"column":53}},"65":{"start":{"line":160,"column":2},"end":{"line":160,"column":91}}},"branchMap":{"1":{"line":7,"type":"cond-expr","locations":[{"start":{"line":7,"column":84},"end":{"line":7,"column":121}},{"start":{"line":7,"column":124},"end":{"line":7,"column":268}}]},"2":{"line":7,"type":"binary-expr","locations":[{"start":{"line":7,"column":14},"end":{"line":7,"column":42}},{"start":{"line":7,"column":46},"end":{"line":7,"column":81}}]},"3":{"line":7,"type":"cond-expr","locations":[{"start":{"line":7,"column":244},"end":{"line":7,"column":252}},{"start":{"line":7,"column":255},"end":{"line":7,"column":265}}]},"4":{"line":7,"type":"binary-expr","locations":[{"start":{"line":7,"column":148},"end":{"line":7,"column":151}},{"start":{"line":7,"column":155},"end":{"line":7,"column":183}},{"start":{"line":7,"column":187},"end":{"line":7,"column":213}},{"start":{"line":7,"column":217},"end":{"line":7,"column":241}}]},"5":{"line":39,"type":"cond-expr","locations":[{"start":{"line":39,"column":70},"end":{"line":39,"column":73}},{"start":{"line":39,"column":76},"end":{"line":39,"column":92}}]},"6":{"line":39,"type":"binary-expr","locations":[{"start":{"line":39,"column":46},"end":{"line":39,"column":49}},{"start":{"line":39,"column":53},"end":{"line":39,"column":67}}]},"7":{"line":50,"type":"if","locations":[{"start":{"line":50,"column":4},"end":{"line":50,"column":4}},{"start":{"line":50,"column":4},"end":{"line":50,"column":4}}]},"8":{"line":50,"type":"binary-expr","locations":[{"start":{"line":50,"column":8},"end":{"line":50,"column":80}},{"start":{"line":50,"column":84},"end":{"line":50,"column":109}}]},"9":{"line":50,"type":"cond-expr","locations":[{"start":{"line":50,"column":39},"end":{"line":50,"column":50}},{"start":{"line":50,"column":53},"end":{"line":50,"column":66}}]},"10":{"line":55,"type":"if","locations":[{"start":{"line":55,"column":4},"end":{"line":55,"column":4}},{"start":{"line":55,"column":4},"end":{"line":55,"column":4}}]},"11":{"line":63,"type":"if","locations":[{"start":{"line":63,"column":4},"end":{"line":63,"column":4}},{"start":{"line":63,"column":4},"end":{"line":63,"column":4}}]},"12":{"line":63,"type":"binary-expr","locations":[{"start":{"line":63,"column":8},"end":{"line":63,"column":32}},{"start":{"line":63,"column":36},"end":{"line":63,"column":75}}]},"13":{"line":68,"type":"if","locations":[{"start":{"line":68,"column":4},"end":{"line":68,"column":4}},{"start":{"line":68,"column":4},"end":{"line":68,"column":4}}]},"14":{"line":73,"type":"switch","locations":[{"start":{"line":74,"column":6},"end":{"line":75,"column":67}},{"start":{"line":76,"column":6},"end":{"line":77,"column":71}},{"start":{"line":78,"column":6},"end":{"line":79,"column":70}}]},"15":{"line":88,"type":"if","locations":[{"start":{"line":88,"column":2},"end":{"line":88,"column":2}},{"start":{"line":88,"column":2},"end":{"line":88,"column":2}}]},"16":{"line":121,"type":"binary-expr","locations":[{"start":{"line":121,"column":17},"end":{"line":121,"column":44}},{"start":{"line":121,"column":48},"end":{"line":121,"column":55}}]},"17":{"line":124,"type":"if","locations":[{"start":{"line":124,"column":2},"end":{"line":124,"column":2}},{"start":{"line":124,"column":2},"end":{"line":124,"column":2}}]},"18":{"line":130,"type":"cond-expr","locations":[{"start":{"line":130,"column":55},"end":{"line":130,"column":84}},{"start":{"line":130,"column":87},"end":{"line":130,"column":97}}]},"19":{"line":131,"type":"cond-expr","locations":[{"start":{"line":131,"column":41},"end":{"line":131,"column":70}},{"start":{"line":131,"column":73},"end":{"line":131,"column":77}}]},"20":{"line":137,"type":"if","locations":[{"start":{"line":137,"column":4},"end":{"line":137,"column":4}},{"start":{"line":137,"column":4},"end":{"line":137,"column":4}}]},"21":{"line":138,"type":"cond-expr","locations":[{"start":{"line":138,"column":58},"end":{"line":138,"column":144}},{"start":{"line":138,"column":147},"end":{"line":138,"column":215}}]},"22":{"line":152,"type":"switch","locations":[{"start":{"line":153,"column":4},"end":{"line":154,"column":17}},{"start":{"line":155,"column":4},"end":{"line":156,"column":54}},{"start":{"line":157,"column":4},"end":{"line":158,"column":53}}]}},"code":["'use strict';","","Object.defineProperty(exports, \"__esModule\", {","  value: true","});","","var _typeof = typeof Symbol === \"function\" && typeof Symbol.iterator === \"symbol\" ? function (obj) { return typeof obj; } : function (obj) { return obj && typeof Symbol === \"function\" && obj.constructor === Symbol && obj !== Symbol.prototype ? \"symbol\" : typeof obj; };","/**"," *  Copyright (c) 2015, Facebook, Inc."," *  All rights reserved."," *"," *  This source code is licensed under the BSD-style license found in the"," *  LICENSE file in the root directory of this source tree. An additional grant"," *  of patent rights can be found in the PATENTS file in the same directory."," */","","exports.parseBody = parseBody;","","var _contentType = require('content-type');","","var _contentType2 = _interopRequireDefault(_contentType);","","var _rawBody = require('raw-body');","","var _rawBody2 = _interopRequireDefault(_rawBody);","","var _httpErrors = require('http-errors');","","var _httpErrors2 = _interopRequireDefault(_httpErrors);","","var _querystring = require('querystring');","","var _querystring2 = _interopRequireDefault(_querystring);","","var _zlib = require('zlib');","","var _zlib2 = _interopRequireDefault(_zlib);","","function _interopRequireDefault(obj) { return obj && obj.__esModule ? obj : { default: obj }; }","","/**"," * Provided a \"Request\" provided by express or connect (typically a node style"," * HTTPClientRequest), Promise the body data contained."," */","function parseBody(req) {","  return new Promise(function (resolve, reject) {","    var body = req.body;","","    // If express has already parsed a body as a keyed object, use it.","    if ((typeof body === 'undefined' ? 'undefined' : _typeof(body)) === 'object' && !(body instanceof Buffer)) {","      return resolve(body);","    }","","    // Skip requests without content types.","    if (req.headers['content-type'] === undefined) {","      return resolve({});","    }","","    var typeInfo = _contentType2.default.parse(req);","","    // If express has already parsed a body as a string, and the content-type","    // was application/graphql, parse the string body.","    if (typeof body === 'string' && typeInfo.type === 'application/graphql') {","      return resolve(graphqlParser(body));","    }","","    // Already parsed body we didn't recognise? Parse nothing.","    if (body) {","      return resolve({});","    }","","    // Use the correct body parser based on Content-Type header.","    switch (typeInfo.type) {","      case 'application/graphql':","        return read(req, typeInfo, graphqlParser, resolve, reject);","      case 'application/json':","        return read(req, typeInfo, jsonEncodedParser, resolve, reject);","      case 'application/x-www-form-urlencoded':","        return read(req, typeInfo, urlEncodedParser, resolve, reject);","    }","","    // If no Content-Type header matches, parse nothing.","    return resolve({});","  });","}","","function jsonEncodedParser(body) {","  if (jsonObjRegex.test(body)) {","    /* eslint-disable no-empty */","    try {","      return JSON.parse(body);","    } catch (error) {}","    // Do nothing","","    /* eslint-enable no-empty */","  }","  throw (0, _httpErrors2.default)(400, 'POST body sent invalid JSON.');","}","","function urlEncodedParser(body) {","  return _querystring2.default.parse(body);","}","","function graphqlParser(body) {","  return { query: body };","}","","/**"," * RegExp to match an Object-opening brace \"{\" as the first non-space"," * in a string. Allowed whitespace is defined in RFC 7159:"," *"," *     x20  Space"," *     x09  Horizontal tab"," *     x0A  Line feed or New line"," *     x0D  Carriage return"," */","var jsonObjRegex = /^[\\x20\\x09\\x0a\\x0d]*\\{/;","","// Read and parse a request body.","function read(req, typeInfo, parseFn, resolve, reject) {","  var charset = (typeInfo.parameters.charset || 'utf-8').toLowerCase();","","  // Assert charset encoding per JSON RFC 7159 sec 8.1","  if (charset.slice(0, 4) !== 'utf-') {","    throw (0, _httpErrors2.default)(415, 'Unsupported charset \"' + charset.toUpperCase() + '\".');","  }","","  // Get content-encoding (e.g. gzip)","  var contentEncoding = req.headers['content-encoding'];","  var encoding = typeof contentEncoding === 'string' ? contentEncoding.toLowerCase() : 'identity';","  var length = encoding === 'identity' ? req.headers['content-length'] : null;","  var limit = 100 * 1024; // 100kb","  var stream = decompressed(req, encoding);","","  // Read body from stream.","  (0, _rawBody2.default)(stream, { encoding: charset, length: length, limit: limit }, function (err, body) {","    if (err) {","      return reject(err.type === 'encoding.unsupported' ? (0, _httpErrors2.default)(415, 'Unsupported charset \"' + charset.toUpperCase() + '\".') : (0, _httpErrors2.default)(400, 'Invalid body: ' + err.message + '.'));","    }","","    try {","      // Decode and parse body.","      return resolve(parseFn(body));","    } catch (error) {","      return reject(error);","    }","  });","}","","// Return a decompressed stream, given an encoding.","function decompressed(req, encoding) {","  switch (encoding) {","    case 'identity':","      return req;","    case 'deflate':","      return req.pipe(_zlib2.default.createInflate());","    case 'gzip':","      return req.pipe(_zlib2.default.createGunzip());","  }","  throw (0, _httpErrors2.default)(415, 'Unsupported content-encoding \"' + encoding + '\".');","}"],"l":{"3":1,"7":1,"17":1,"19":1,"21":1,"23":1,"25":1,"27":1,"29":1,"31":1,"33":1,"35":1,"37":1,"39":5,"45":1,"46":0,"47":0,"50":0,"51":0,"55":0,"56":0,"59":0,"63":0,"64":0,"68":0,"69":0,"73":0,"75":0,"77":0,"79":0,"83":0,"87":1,"88":0,"90":0,"91":0,"97":0,"100":1,"101":0,"104":1,"105":0,"117":1,"120":1,"121":0,"124":0,"125":0,"129":0,"130":0,"131":0,"132":0,"133":0,"136":0,"137":0,"138":0,"141":0,"143":0,"145":0,"151":1,"152":0,"154":0,"156":0,"158":0,"160":0}},"/home/travis/build/npmtest/node-npmtest-express-graphql/node_modules/express-graphql/dist/renderGraphiQL.js":{"path":"/home/travis/build/npmtest/node-npmtest-express-graphql/node_modules/express-graphql/dist/renderGraphiQL.js","s":{"1":1,"2":1,"3":1,"4":1,"5":0,"6":1,"7":0,"8":0,"9":0,"10":0,"11":0},"b":{"1":[0,0],"2":[0,0],"3":[0,0]},"f":{"1":0,"2":0},"fnMap":{"1":{"name":"safeSerialize","line":23,"loc":{"start":{"line":23,"column":0},"end":{"line":23,"column":29}}},"2":{"name":"renderGraphiQL","line":34,"loc":{"start":{"line":34,"column":0},"end":{"line":34,"column":30}}}},"statementMap":{"1":{"start":{"line":3,"column":0},"end":{"line":5,"column":3}},"2":{"start":{"line":6,"column":0},"end":{"line":6,"column":40}},"3":{"start":{"line":10,"column":0},"end":{"line":10,"column":31}},"4":{"start":{"line":23,"column":0},"end":{"line":25,"column":1}},"5":{"start":{"line":24,"column":2},"end":{"line":24,"column":73}},"6":{"start":{"line":34,"column":0},"end":{"line":42,"column":1}},"7":{"start":{"line":35,"column":2},"end":{"line":35,"column":31}},"8":{"start":{"line":36,"column":2},"end":{"line":36,"column":88}},"9":{"start":{"line":37,"column":2},"end":{"line":37,"column":79}},"10":{"start":{"line":38,"column":2},"end":{"line":38,"column":41}},"11":{"start":{"line":41,"column":2},"end":{"line":41,"column":3860}}},"branchMap":{"1":{"line":24,"type":"cond-expr","locations":[{"start":{"line":24,"column":16},"end":{"line":24,"column":58}},{"start":{"line":24,"column":61},"end":{"line":24,"column":72}}]},"2":{"line":36,"type":"cond-expr","locations":[{"start":{"line":36,"column":41},"end":{"line":36,"column":80}},{"start":{"line":36,"column":83},"end":{"line":36,"column":87}}]},"3":{"line":37,"type":"cond-expr","locations":[{"start":{"line":37,"column":35},"end":{"line":37,"column":71}},{"start":{"line":37,"column":74},"end":{"line":37,"column":78}}]}},"code":["'use strict';","","Object.defineProperty(exports, \"__esModule\", {","  value: true","});","exports.renderGraphiQL = renderGraphiQL;","","","// Current latest version of GraphiQL.","var GRAPHIQL_VERSION = '0.9.3';","","// Ensures string values are safe to be used within a <script> tag.","","/**"," *  Copyright (c) 2015, Facebook, Inc."," *  All rights reserved."," *"," *  This source code is licensed under the BSD-style license found in the"," *  LICENSE file in the root directory of this source tree. An additional grant"," *  of patent rights can be found in the PATENTS file in the same directory."," */","","function safeSerialize(data) {","  return data ? JSON.stringify(data).replace(/\\//g, '\\\\/') : 'undefined';","}","","/**"," * When express-graphql receives a request which does not Accept JSON, but does"," * Accept HTML, it may present GraphiQL, the in-browser GraphQL explorer IDE."," *"," * When shown, it will be pre-populated with the result of having executed the"," * requested query."," */","function renderGraphiQL(data) {","  var queryString = data.query;","  var variablesString = data.variables ? JSON.stringify(data.variables, null, 2) : null;","  var resultString = data.result ? JSON.stringify(data.result, null, 2) : null;","  var operationName = data.operationName;","","  /* eslint-disable max-len */","  return '<!--\\nThe request to this GraphQL server provided the header \"Accept: text/html\"\\nand as a result has been presented GraphiQL - an in-browser IDE for\\nexploring GraphQL.\\n\\nIf you wish to receive JSON, provide the header \"Accept: application/json\" or\\nadd \"&raw\" to the end of the URL within a browser.\\n-->\\n<!DOCTYPE html>\\n<html>\\n<head>\\n  <meta charset=\"utf-8\" />\\n  <title>GraphiQL</title>\\n  <meta name=\"robots\" content=\"noindex\" />\\n  <style>\\n    html, body {\\n      height: 100%;\\n      margin: 0;\\n      overflow: hidden;\\n      width: 100%;\\n    }\\n  </style>\\n  <link href=\"//cdn.jsdelivr.net/graphiql/' + GRAPHIQL_VERSION + '/graphiql.css\" rel=\"stylesheet\" />\\n  <script src=\"//cdn.jsdelivr.net/fetch/0.9.0/fetch.min.js\"></script>\\n  <script src=\"//cdn.jsdelivr.net/react/15.4.2/react.min.js\"></script>\\n  <script src=\"//cdn.jsdelivr.net/react/15.4.2/react-dom.min.js\"></script>\\n  <script src=\"//cdn.jsdelivr.net/graphiql/' + GRAPHIQL_VERSION + '/graphiql.min.js\"></script>\\n</head>\\n<body>\\n  <script>\\n    // Collect the URL parameters\\n    var parameters = {};\\n    window.location.search.substr(1).split(\\'&\\').forEach(function (entry) {\\n      var eq = entry.indexOf(\\'=\\');\\n      if (eq >= 0) {\\n        parameters[decodeURIComponent(entry.slice(0, eq))] =\\n          decodeURIComponent(entry.slice(eq + 1));\\n      }\\n    });\\n\\n    // Produce a Location query string from a parameter object.\\n    function locationQuery(params) {\\n      return \\'?\\' + Object.keys(params).map(function (key) {\\n        return encodeURIComponent(key) + \\'=\\' +\\n          encodeURIComponent(params[key]);\\n      }).join(\\'&\\');\\n    }\\n\\n    // Derive a fetch URL from the current URL, sans the GraphQL parameters.\\n    var graphqlParamNames = {\\n      query: true,\\n      variables: true,\\n      operationName: true\\n    };\\n\\n    var otherParams = {};\\n    for (var k in parameters) {\\n      if (parameters.hasOwnProperty(k) && graphqlParamNames[k] !== true) {\\n        otherParams[k] = parameters[k];\\n      }\\n    }\\n    var fetchURL = locationQuery(otherParams);\\n\\n    // Defines a GraphQL fetcher using the fetch API.\\n    function graphQLFetcher(graphQLParams) {\\n      return fetch(fetchURL, {\\n        method: \\'post\\',\\n        headers: {\\n          \\'Accept\\': \\'application/json\\',\\n          \\'Content-Type\\': \\'application/json\\'\\n        },\\n        body: JSON.stringify(graphQLParams),\\n        credentials: \\'include\\',\\n      }).then(function (response) {\\n        return response.text();\\n      }).then(function (responseBody) {\\n        try {\\n          return JSON.parse(responseBody);\\n        } catch (error) {\\n          return responseBody;\\n        }\\n      });\\n    }\\n\\n    // When the query and variables string is edited, update the URL bar so\\n    // that it can be easily shared.\\n    function onEditQuery(newQuery) {\\n      parameters.query = newQuery;\\n      updateURL();\\n    }\\n\\n    function onEditVariables(newVariables) {\\n      parameters.variables = newVariables;\\n      updateURL();\\n    }\\n\\n    function onEditOperationName(newOperationName) {\\n      parameters.operationName = newOperationName;\\n      updateURL();\\n    }\\n\\n    function updateURL() {\\n      history.replaceState(null, null, locationQuery(parameters));\\n    }\\n\\n    // Render <GraphiQL /> into the body.\\n    ReactDOM.render(\\n      React.createElement(GraphiQL, {\\n        fetcher: graphQLFetcher,\\n        onEditQuery: onEditQuery,\\n        onEditVariables: onEditVariables,\\n        onEditOperationName: onEditOperationName,\\n        query: ' + safeSerialize(queryString) + ',\\n        response: ' + safeSerialize(resultString) + ',\\n        variables: ' + safeSerialize(variablesString) + ',\\n        operationName: ' + safeSerialize(operationName) + ',\\n      }),\\n      document.body\\n    );\\n  </script>\\n</body>\\n</html>';","}"],"l":{"3":1,"6":1,"10":1,"23":1,"24":0,"34":1,"35":0,"36":0,"37":0,"38":0,"41":0}}}